Wed Dec 10 10:33:28 PST 2025: Mining batch of 100 blocks...
[
  "58f503aded8292de3d66799e8ee2e062d08e10045c926800d6dd38d40ea39483",
  "e3d525c5fab262da37b781fe505133abfaaad5beb1473e1ac781e6257475d1a2",
  "75712e3bef23c14a544f59774fab485c79445bdf939d96481c1f4ed34c7d7e7a",
  "52b01b5e9eb95fabdc5091432300a4b5ece2691af5b185d3dd8f2c85c0a46678",
  "92346906fb7870130dc5ce0396b737b45b05a653700f49df0d57732bd258e083",
  "9de100576a37bc8560e8fadb6f7fed37ae10f3d903147f9f8399c4e7ff776f58",
  "a93be5aa793132c6b20527c5d454edaa456f64339cfae9d1ffd5d67ee5a95af1",
  "6178e56aac30d704e9fc5ba6818acf4e78c3ef6b4011c545b44df294a552438f",
  "7f22bc8b78624a2b79c90c0e1d6391b522e27fcb54ce163afdd4a1d780babde8",
  "ac43622f8036edeed7943294d037fc12e14f5f4d3f402307675fe869899e1417",
  "6f07ff0af7b62e6442893a059ca2d8eea4e06a60fe2667ad2ff8bf32d156780b",
  "1e88b3b58085c0d8d393b2d0f88ff5be5840206e1572dc4b96105c67a3c46e89",
  "725d75a7d0684fc39045d89821a36b72e0c1ea61fb2f1faa2bd2052347939251",
  "5910aef3f4899bbf76a50ca0a4400f4affc49801aa0b8251988b98b972bc0937",
  "47f8d9a4ec19904b36fb6568fac3653aff646c41abac251e3f39516f0104927c",
  "c256d05cc7885730c1616c4cb4b7361d2e427f9a606bbf2a27bd578025020c88",
  "95d5a5b3d7281d50a07a04eb18c546868461809003a9185e7c8e8ae449f762f9",
  "9febe0efcae6e6c9735e53787e6cc5219cacaea88b5ead8ebd980f1cd924d60e",
  "0e0b9492f3be1857b93ccdf4c49481dbd05fca0833c77079e9633a82b2d3840c",
  "be030072c74a2fd9f9afbc67b66cdfcc9c1f07aa587eb4af410e4966a9224b6e",
  "9311680a18fc56a6c1e0db08583eac03d354d1ed95f7e19189de5f86d3e400cf",
  "9d952bdeb616b4806482118369867fb14730e7e24bca93cf64b39c8a131754db",
  "e5eb2c7320f3745e6191020ee729c9a460f11bb780e217fbf32869f4fe9935d5",
  "08461948f5319f84d6c587225fef8e469e354fef467be86e97d57b90150ffd5f",
  "c9e427aeb7e70f883db83266388f5896723121ec23869bf744914fe44d17e7d1",
  "4699a25ce155824535619fc367256f7407947993e704b8d15804365e6fd90a4e",
  "59dd1e4042ad771df92058da9a1af38d602279380b7be3fde9a53e023e981da3",
  "cb8be3282849bfb1e8420df913e17bfdfc14fee3c408b60e8f01fabebf86bc93",
  "9c32a4334bf28fd02e10fd438190ff67d6c90353c7fb3f42716f1e3557fbdb59",
  "aa314c1be8820f0ce85f0c1c0a2bd6da69baf7ec35235c861521a0b1107d28ea",
  "deb4cd7f284e961aa7fed572f46b25c2fca2c2e3a7619f1b03649f5f188b2e01",
  "f04abe8a67fc1fcb822f2e6c55d8099cbc5299d990ad2c1e858c0ed8de055bc0",
  "dbb13f1a9b85626e945663f28d2d3880a2823de60724383679dfb61ebbeb3d27",
  "1738897af22fc9d858f62172e74988645dc45dbff0f862ca67307120aff54b22",
  "7d5513ce898b94303820d6779e89ca0cc503b5c6cea2be8b41beb43a6b89775b",
  "69b30ea5b948d78c111f3e64b20686fd03539a74326826ee0e89d00dafcd2c03",
  "5e575309f2ba2e2f97b2f76abccc5d63631d104e01b5c2b60468ce615083dd6a",
  "fd6456313a7dcd41254597a376683d15277425df9ebfd9e24d155d83caa8b8d8",
  "a1588c91dec022a6d743b42105eb6a22bb44d05426920cdf4a3ad2581eb47470",
  "209d6a378693b325699a7be9b27eb795e7afba42b33ca46ead8eee19c8f64f6e",
  "dae3acb399d1dd499b01676c27960cb4e78f6bf65257eb639989047a55a0ee54",
  "72f7001fe717061b2bd1376742714972a44e9459cc8dbb625081bee6df7ca028",
  "5def9cedeeb24380ba25ab12fad3f95a4bd3985bf47d0ac778bb7d7843127ea9",
  "c3e8b64e75d6b1b93c5d0621e7518d0061399de52272fe95a3ac9aefd1d72e41",
  "7cd063f0eee9828bf510b2d13beae2d9497b610c8b504ef5bbb4c8c2b4f21748",
  "209b7763c8e908fef6f2b7e3073294c9c4324a5e7124223c84fdcf6c474ffa6e",
  "efa2c662b835cad67179d1b5e8eaa0a63bda31797142d0f4867ffe197485a430",
  "1b508d0d832786b943c4d3c979f2710acd40b6b01531a1eef9851e4fbe1bb901",
  "0dd7dfb4d24f9d144ae83988f5817daffd65d8f8c19a4f261ce3871a001e08b5",
  "87b26ea0789e1f73446e0b6a37971152ea6e4ca8ea781300798134768a4c69a3",
  "840c06aa9b9a755538e243e2a7a69b8a63eaba71282377df61273cff9f3ddfa9",
  "ddd22fb1520918e34789eca49ca4440350852f3fcf1718c34acc74fbf2924abc",
  "a2c7ba675f678dc465b1f11f86a1cbd4847fec9eea5c9ee397d7859ac6f5eca2",
  "aeebb967cba83ce8a4e7b9bf1683229ff73774533ab1f3f05b80b8ccde930860",
  "680a37ceae7331433cd779d37f4aa179d1d765cb702c430b86e6ab143c77e304",
  "9c7e6f8ba7a9bebf4b75260ba8c73f2cf1d3c08a653014afba03c97c89ab8c84",
  "00fa6f39fd494d7824f7917bf75c52d99869ba70ea81b8a6f309e866b40fe0e7",
  "926e750adf38304ba760a700c135c7c416c29e6fafa206c7b05a0c1ee58b9f2f",
  "24683d4281f4e80d46813df460a5fa27e981b78f498af61bee7c52537cc3f72a",
  "d4749aa473bc1b39f300049bc3c837c9d06045fb45ec12d0551a5a62f0ea773a",
  "0379a66f2b92f1fa28e3d397a87be024fade0436cbf6ad37d9fa4f87f03c41af",
  "d10cdd699590a29f4131da97757658c653186eb852cda931e87d1e58477c4d0e",
  "34d95c97f396e6eae8cea2089b8f81e00916ab191cd7f56b1349fe6999af8657",
  "033be64c353a444e7e20d967780133dd50ad78060031aea9fda39e57c39adfe8",
  "e6500de966c4c868bdad4d0af3d7249017e1eb5d8f9bc746766d682d5f1a180e",
  "c83a80f3c5b143c813cf13353d3168c79a1589f533c46526033b251a18e2bf9e",
  "aec520358dc21fb0137c77e2a54a4fef8cca52ef6523e51e4f057519e4f8d468",
  "a33c9c71a63c1d196485bc573e8f396ee9d472cb5407c7a2291b063cdfe38d36",
  "567d2e0d97760ea9fe38b4b9ae283e7ae29151c5dadbecaa0cb2c66ad4e989c3",
  "d6334c1136f527f8a775015b936c30e9ac81c93ee06595a4edcce84bc1abcc3d",
  "7396e10c4b1ed78e581c449e10537d01eedb6391d33f3e8d447e74bf1a3f6145",
  "89b1253679776abd05775c48d947442dd32c0d3476081b6277748636ab303cae",
  "9c9720c4a29449eff29d05ccc6d03fbeebc906b3bba1ff7d02ad3a94016e6cea",
  "4de2337c8aaa1aa7b7b6ccf881fb17f6029d59ce7e8e491a074297a20c32f729",
  "964e42c58f70809e94306103e1329c1cfa2bc8a90f600589bcffe40a033f7f02",
  "bc241ea8969632fa148972c85f6c781d34652fe921f1c882d0369ea0a545e59c",
  "20bdfe78e5983dbb6eb295ba7a7c753b57298bfa0cf33aa5beb1147701c58348",
  "553cba2f7109889dc51bffebb8b7daedc149727e31df81f5d5d38f8bcb09aaca",
  "223c7e5d447fc40e12ead77aad783bf0df84bc3d4c290c8b69ee4bceb2cab96d",
  "b665c06827e6d6fd1d4c278110c2ff40f8ae299085d11044785c2facdd5cc9b5",
  "ced6a273a13e2c83516bcf3847428ec44585acb8f562f2ba7013af9dd25006d9",
  "f965ceb168c31bccf512702c9905c7c58a95bb80e709ed7148ce5dbd509cdeb7",
  "a66ec8b884cd85299308aad7997f95656c2653585bd3b6bced42cf1b75312c0b",
  "c43200375627daf13819184d8b07b56f982a0f2292298defb4bf738e42e1534d",
  "eaac177a6442c2933bf232c014a53ab3894108646c67f27218e7e53ae973a4f1",
  "74e0477e6aa978aa49b62307d7bc1a7a9cf56ebeea9b5100eb5b92a70cb83902",
  "c48e1dbd83af73eefdfc97c3978c334bd439b5e404dc5addbc633ae3b0766043",
  "49701edee01152eb8464fc1c8301f6c9ee61b0046a2ed7f40df4cce7b6123166",
  "c7bbe2c527cd65066bb234ae84eca55acca38c590d85026feed83f9369f7711e",
  "398b14ba08baabf57a9b1167b5c21f081784f2dbe1f721f4a89c4cce8f2cc297",
  "33a894c96fbb60e5ceaeca10a9d776310e21c1302c2326b4803b4e50d0348311",
  "ec035165a774a59a83d4b9315f4e94f3620ea86fc3eda4a816d44cda13a45e01",
  "f5c91cecf59d0d2dd81f908cc5ee5e956a1bb198881aa16dc25f8e107f846aa1",
  "768403bcb5968b66f71b3ccdfad23afec68e5ccc59dd1a00a764911f4440cdad",
  "1b2d4b2b0bd9bb92d1b3555e51466c0f26b39a02f9c880ff06372fd8e3c6bccf",
  "8c5c7366e0d14aa7b736b895af33814d1f1b29303b6363a2a9b290dfd7086f0f",
  "be3baec670494d2928765f3683404b657185b82912f5e6a22a82dc4960aa1667",
  "94324428f939371bf5c03256268b81fc0ec7e2589b44eade1c7f57ae8228c009",
  "c5b19abebce2e41302ce8678a53d211382ef00834ca0e0266a061deffac2acca",
  "3d08cd7883db17dc9936c0722ba2f0b8a09d8c54134c32445333c23732f73af1"
]
Wed Dec 10 10:33:53 PST 2025: Mining batch of 100 blocks...
[
  "2ca556d235819206c6efdc6a2a9869a24eb6ff03396d725d6b35dbf8ad3de770",
  "08e78e596494abd03ed47a1024bd18851a446b64dfa48121a0e6010355656c9d",
  "267bd7eacfe323148080fc404e24baf30e36d4ddb4c13198b9239e530c8b9e23",
  "276770f28a3f8495462ca538aa2460dacfe352794b833713e4fb8a39076c6976",
  "21554e000c6904dd9592ee85ada24d9cb0a142ddc9b9daebea1118767d12c4f5",
  "1d9a05f332868e7049a36f55de2da56a0c830fb451537d8d8526ab676b11de6b",
  "cbbd75f0dd518688593a28f6d5a647d5e19c578ca20d342d73b089650f5a8163",
  "70f864e49771631a3e48ab464b4eb8bcbca8c153e2268a8992619ba6c4549e61",
  "cea9fb3dc4913e941ae4ea56ede8b5163822778cd65bab6d5bd935fce6e7dfd1",
  "e97767b235ea302ba3be5264ea798b49e91a636af5baabcadb9a2012bbb56751",
  "5f1138aec58087a910e75fb94961c9395060c181fd866f2a9614c7dcfa7e78d4",
  "4f0d05f8992310ffba2587f4c5c22a1d75f92b2f405b5079e7c47a42d02c1eba",
  "8474f0dbe30c886bf3fe031e88c85a8a8ea9bef2e00f4f65cfb96b9de15fdbb6",
  "7e337f2c7d384730f3930af5cd228408447dcd7305f972e0720653f559967ba1",
  "de50abcc6d56faada8046d96c0608f1d2c13aeaa2463ef667dfe2a10084676e2",
  "f0683b8eaf4ee63637a97481a7305178e047c43e3bf907cf245df74143f4d63e",
  "845f653a04d34641a7e31859430ee014b120b654eccb62984e4baec0cdabcb65",
  "374c5d363323d04ad210abecfbf7d62ca9bcabf351f5e8d3c1804547736aa2a4",
  "51ac95da444189e3729a0fbc334e9d46492ea7d3915d779a77ad9aa2b399d427",
  "2699bb2e7b6ae5b12a6bf0fa8b5ea16a04e22bee7a920d7d235085fc4dd1b8a6",
  "80dac345f3840596dc1a90a96030b18b9a12858ec89b2f11ed25095f58b566cd",
  "2fe8ec91a7cf0ddeb68a53b3be395f04f777826bfbe22dca42fbe7d0048690b3",
  "e772d143a787a89f393be6da8fe4cee5da6e7d5cf1b1c99f2ae3a116e5422d14",
  "7ffa9bbe149bd9c0a6fc1f3056cf34f0a57d18f717a3ee480e36c3f3055c66d3",
  "b1cc6d627d6b7266830fa4e6c361b254a8ab94a986aa8d3a3f660221799487c4",
  "b22de7505c445d0b6ae8be55956444b472c38c8c054033fcf2a2c3800f211782",
  "d3b55ec255e0212c26b316ed08af1db40d3cbf936a29136874a4b7f7d49fecfe",
  "fc32a539cb645e6684026d7b59118eae50d7f4468f11de7ca9e2e8b2c54ea1f6",
  "839503478d6bb036994bd3952f6f02bcb63529fc0681cc767a9a6a8a2fd6e8af",
  "c3ee188a82b0b0ee1a4ebc93f351a84abf4eaf3f15c6729136d11473b26d579b",
  "87e7de046ed9ee2d9258721177213c0c97859fd29a6af4913002f037e3cf167d",
  "d4d505245c62d65187bd122160c3497a00638fd5684aa27c5fb3787de3741572",
  "4412a38ff7ab8528fb5e1d58fa04d39241dbfd984a6ca49dd74d0b804d109338",
  "1e3c123e9e5576d70515f062205b6d8008d2da4c20a3e5670e8ed16af678db5d",
  "66de1aa0b0654c83d877c02fa73503a759e8e59dc7077f3838b05453c14e61ea",
  "806e92df721b65595163664c2b47c9b2d412d89792d2f6d1bb717430eeda2127",
  "b09d3bb4102a17cbdf3859c095ab8e9487640e39794098c13463bd9e22ea1702",
  "6974e36bcfba69a1187380dc67a993602331c6bd3fd1055ca2ae7f2fa25e4377",
  "50767b84d55226dbc047f2603d22af171548cd27ce5f5089ddde33df07d17be2",
  "aec497426dab9a557183112ba33228db673a5121ca96e73b1c8cbc44ec468a39",
  "9d9cc9869b192e4162450b7aea7a22ea6ba7ee7254a0307cb4118ab943bde246",
  "91d8490b212b0c6d71ceda00a182724f35d2b1a0692bc2b50ebc92d0c1e64bd9",
  "0dd34f4da7cc876fa083bfc9513f7e237707ad16a00638f3e5caa271e3211e6e",
  "b73791cf1884143055be22f60514b86e42c87ae56dc5eec0ca28d9e0d801e665",
  "3f2e4a649497a8cce6bf09e27caf9f12714efe87010540f2be6ee5eb8b4fa760",
  "e192f3acd89249d59b0ad93c36fc4cdf64e1abf87cedad902723ef9d05b78420",
  "7fa84861e34e2844b3118ca8f022d12e7e94d29e31bacba7c142c6ed95f609de",
  "05304054ea178327431649f7dc3721c3cda1a5f282fbaf60d56e31b9de7c6511",
  "d0ddee528473c297ac8a02fbc71772224221ec2090eb32a71621f26f16897c04",
  "347b74e8d397b23f1e5ac4ebf5c4c3d96ab62ed35ab1958b4ef2612bc4a7194e",
  "bad45f8140889c5cbc1b34790ed53f4f5b6cc60e1eecb3805531d4e391f1594d",
  "6c2c8a81a05b6b4499bd978339301722285d18d74125940a1493f35093e269b6",
  "9e7dc14034f52048fe6de92ffd619fedf6b65afc1ddd3e7246e20f28f1bb9225",
  "ae6baa7e03fbe2be7dced7bdc027bb70ebe1ab5fddd744033c169f2ff983ce9f",
  "81c013086c77a917e4db98f1afdf99e7dd79c41c6a25b1ca2b47416d6ee45937",
  "7a00243e40acf1de4f03e839dce6007bcd66c7b7e95dc008e5adb615e0116a96",
  "4e8f07a681ea94ebc6c493b1c89fb288838781a67f64a79fc81fa84c9c661081",
  "2be414180e2a0919e3cd7270c299c8439fc34afda8270e421eacad5295b83d3d",
  "7eaae3bd56cb7cdb861b1324ec4d8021e736d51fc28bed3371c63cc4d07e69fb",
  "949034d9ec95abd5b1296712a5555e56701f9837dd81cb24b929b4a833fc3289",
  "710e7e4e832aa3b0185d2d9c88d2743fe7509cd409900985bed164507fb30c9d",
  "32448b9c616c9410580356b3a4f8fa410732d186bd200e3f80c9e36e85b0f783",
  "b8dceda36548aed0cab31ace9d59eb4750f5799e571d29864ac8e2471ec700dd",
  "39f467454c99b5bed3a1064d5df3ea351ac0c44b2553a3cc449da8a1ea9ae20d",
  "cc10fd91c0fe33826dd710efe1f06880b06bd5069a3c332e698c10627888c7f3",
  "b39ca125f7eea998dafa32655e84819237fd5b1e0d22fd9f0a4c3abff8b3d115",
  "505a24a494623236aa4ad6d2970489ad18b403c4553c1fd10d626ab101693115",
  "c92ac71ab141895f22a7ad54303a11a542905cf0060366fcbab285402d76d570",
  "84d3d8f5abccbb6da3459c638e8962b0908f3422140800aa950ba4863081d85a",
  "b051aa2c65e0463f4f19db8a7c29a8380517be851dac8e3034179d570940b2ff",
  "6e7a593182416ab8d0012813ba677ecfb4c8cefa5a02da645bf2d807f0610179",
  "24d67a4b1c9b3ece1a834c503fdf246754db08a2c97d84f4b36a8daae5565f4e",
  "38156d72a82538d5ddf594eb83cf85f8d106ea6e36411a3f2d6ed1ac0e9d75e9",
  "ae0e1c6d10eb3096384026e9ecf878e4a61393e8c8a56a2e5aed5050320f2f78",
  "0b97ea32bc54535d983c3e59e00b42fbc557e252764c8911d2e7c9333637b014",
  "a6e978bd12ecf17ba3b4cf46ead91460170173a1633b068b9b65774af85f919b",
  "9f33340f7abe1f140a38d0fe34c440199a1689f237960c98e3b158e2ec57fbc8",
  "bc668d3a82a61318dd1fbff04800ea84d2419cc625ae54f228d2ced25c877309",
  "f09766544342153ae853ee7439ace29386672e735fa8bc60a395577a143ce6d4",
  "db1ead81084275a7a3a622b02079f50b246b91bb3f47083788bccfc6cc367489",
  "7221dad8a1a1c156dc6e37f1536748f01cce217696122725d46c700b53580bc6",
  "16a9a4e583bd962a087419971951c0c32d0d44e4641bc6d112ea5b5d46a896a2",
  "011a4c8ef54c8aab0801092b9beb2cb26726a9dbf0bcea36b5c381656d6cd08b",
  "5334cf3a4a53aa6c10d273d457762e1e875710524c6a9c7e2fe79d85b51e3f02",
  "9f14a067939bac987766c44d47e82c9093ea355c404f63ff8b30a4d6033dbf3b",
  "ad1dfc1ae737db02adfceac3324fab8d3acc35b8df765d04ba85a0a473d6a4ac",
  "d0ed18bc0f94cde76c214264bc9a882f60f02a34e2fc6fccf25204669d246b61",
  "dc014067e97396c1874313b73520ee34b196c8a841ee90a4280b0a06ebd0ba4c",
  "128098052f22efdec7baa11cde82d2ef3b9c1917cf6064033ce3ea11fb5d78f2",
  "c4f5a1b33ffd3136833538c4019cc604a660823fde83bdef658e2187b06035cf",
  "6a6748d2c6c1693ae197b909b65c0975a2d552e2549bfcef051a5afe9aeb7d70",
  "b86139dd678d001a2d4a9821cc822e2f2c572199890db6871c457bc876d4b09c",
  "29155fe830d3c1a5780dc0e7be46fa7f5ed6cb7c48b4d407f51a123f49068370",
  "bd0851c567443cdd7fb6ddbe121a0fc733e3b2b17b5c5e131d29b68f33fae0e5",
  "264afc7d6620ac829e854948b0fb6216c313eb1545f445ca203e1546d560b9c0",
  "0369ecc0cf0d2659fcaad1107da88554a170d96f7a2b4b48839fbbc2eb8c733b",
  "46ea11f271e75a09beac99fcbc7caadf2a7a46db919f4e0b219611f89b6bcb9b",
  "a795eabd73dd50ae86a43a687e5077df38ad44a1038f2fdeca13b180b702d986",
  "e5ca35b5d0845adac946056e88429c9b568bf754c6f6b6f233c7ad027ac81c9e",
  "da9865387167eab99a94eda5da3dbb2f7153dc8d44f750798d28527ffce3bdc3"
]
Wed Dec 10 10:34:18 PST 2025: Mining batch of 100 blocks...
[
  "a84b3a994cb7a84e52f8db14237824c8f98972e50e337d348d51d96e380e25f0",
  "4333a45a3a3b2695dc47dc0094db53f11fa15d96d84336e72c14fd6ca0cf19f4",
  "96601a78d86fc1d9023732f63b27b59e7feb6ae957b608b5c9c67ac60503e88f",
  "9dca46c07bea8b961013b8a215a58363a4068ca504d91b107960d51232a05c2e",
  "f09bad7dcd48171b26a41d49821af0801cfc3cd981589249dc04e95382ed31f0",
  "8db8fc1e4e09eb8f9f179786f8536d7b93b7fe9fe046bc789a40d4d2b708da7c",
  "6c6e0ef261c437f38c820c7b7b1ad8a224a427b216f9c623b20ce6f474ee61fc",
  "99d31570f9b5556d2a6089f80828cc48c81d6d5d7691e37676fd4ccab05a418d",
  "1e4ba1c4e87f6a0ac99b9cdb3016f2290e814380544999c3c17914c5821d64e6",
  "70ea406c3cbb0849988c967571032b25d75e50890503f596b90224a95bbceb5d",
  "bf316028604defc6caff8a35912831a4542cf7ce5556143a79df94e00fc10470",
  "59bf3dc220a19e7f8e82c0e984540fbf8d9dc910bd7b49c5ed41f4f5701e9249",
  "d2c7d7482499c9ae64376a05aee9bded176df7b410cc8519b7573d6bfc51105a",
  "712460fd3376403926c985b3f7ed6c408a0f73b3c7ddaef95b58d4a531993b73",
  "ac11ecf001d4502e90a8c4b8722be4b5b63fb97d9984421c61b98fea0afd9118",
  "a7fb2b79f4b768e66fb306bf1d3c046e305d116d16b638d050b38f52164b3cd8",
  "fc7cf9164549507f5f49b60ffd27ebacaaf66a553c41292893576c4f6c83dc0f",
  "0e087bcdcdefe596730c723c93b8f11d944195cb322458e0d1e0eb5e936e356b",
  "53cded723a8b4fe4b5b6fd41d32d6432ff6cfc60a034e6a26db34ebaafdd004d",
  "ca55012face1289cea1c0804a4e39b73edd14731b539c6f5ade08bffff174293",
  "becb8426a5bb776b2353cb28c7d038ed2d409d2c6cbc7c2b36cd856271290c31",
  "c7fdcfe133904bd0d1d19433d01c0612e6efd0d367cdd4d8155da7c97d30e381",
  "f7d91617e47884627f768c7cabda90ff5ba71abe534549b3dd4783bf6b12e177",
  "5235e444b74b75fc05e48fe8bc2c048d122fb99c167d4d8d6d9c6f1dce458ab6",
  "32e1d8117c6be8c77091dd3feca4237ba07c0744796703657f2b0f4c362e5c73",
  "f0695c2194121c864340d7bc8dfdf574a59cb1838d2104101d88ace8620af55b",
  "53953c1ed945cae322c11232b1c538577e8290bf1c85f4a173a5e405ac06fa82",
  "ebe8be74a869b476ddc2313f779f841a40831a0ba40fb4b0205342564baae850",
  "6e2a205f73542bbdf68c670967eab6c03e9ba51df0724c5e9ea30f2b361cf250",
  "60c551ed35c7d629c1532a69ae6d1b654f6b3811c423b41f684a7284983f652d",
  "00d7c19c53dbfeb5c34e9c238713c58c2356fcbfb874b5440f1b4129f12d3011",
  "9a777cccb087ea0035179e2312bf48371392e7d11fa8bb8496bbff85783a7272",
  "a6791e0ed37e4835a052e49c080dad2008cc81cf98aa8fe3deabce7f4bab6baa",
  "7402e75adfa82ca8de2e15327360994ee4812270268f09cd4b337be78d5ae66b",
  "ad14c2604188959765c8d1a0cffcf929eb118a054a1137d732171fd6e4918d20",
  "c1cda89f8c9547ef2b48994413fd47778138a262a1f078cce828f098d5e8d270",
  "51fd7141b1d0f820f18e47f659121c07fb034c043a86c7bb2983dc64d31fcdac",
  "6787a20261231756cc6faca9dd92f2641c25186627be1bc4b67a07f730305e43",
  "b5054ddfc3e046b1817269c7e4ddc9c63d6a036df49718c777ab732ff5442c9b",
  "78eb783ac798e73f6421d76ba311316da415e497092df15bede848adacaf15a4",
  "ed15b1c248e173b4d2d11a645afde86a68d1dd7be063466453a7c6a3916399dc",
  "496080de8e598d4ae8a68ccb13b800e01437f4f114b1612bd9e2e61b690a9f63",
  "3147417c38acbfb1bb12f9dfe2109a18d54674a87a9b19ff7f932fe065b63c63",
  "0acc3f369933e6955db043f489dbeb03b191fa03777cea7f22cc7b9332de4bc4",
  "371d2caf710d909f621642dda26be009b899a6dde15a21653403b161e5e78b28",
  "d13f7be0dd1b69eb7f74be97f7ef9efdd6ff643ffa1d75d24f46b6825a2e1bb5",
  "ee58295b271ea89cf88dd0e0bd344ab7b408d6bffff414841cc253f2463cc262",
  "7f0d32672be22357281451d17e3878f2527b7bd6d9902b851ad9a368d128a9b5",
  "9c2d9d282fa7ac3b057358112ee222d2778e2dd0ad64d72066cd33f1132c0bfb",
  "e56719ccc78822e5b0dc520b165cd502a166dd0ba2f1c3ef1467b4168f197b4c",
  "31b73abd4b000a923600b756d434c961b4bdcf9ee964ec1c22433d01c6425e66",
  "b50cc63d0485ec3695abb913073cac6d5bee734bf4ff006eb312e94de6cdfbbf",
  "7a4fd81ad9c0beaa68dc67c4af2d5d6a93183f9416ca6b59dcad9bf749f27089",
  "41a7a6f57c43a86b5474693d70f7f6e153d51b1643f31325829d443a12af0d8b",
  "173635cb9c98dbcfca782c284b28b691b2be7a21c1f7da69d966ef4c78612b1b",
  "034a5aad7df369fe67b4f80839ee9dec069753ab515c0538c47551733e1b5657",
  "68eb4ca0aa75eb5bcdbc68ec2b62f596ef167619f180f554dd8400705a96f216",
  "cf90eb4d082fb9e4ea5bfd3752926575324792edff5b7ad39226d5cf14a4d5ce",
  "7200ef84f332a5d2d1d3006504300a93f38d1e6f81040315955937c61d38f8d7",
  "faaab18dd97b7900c5328980f6ff67412172c26ba28c04eaf1b5b389f88fb11f",
  "2064d9c235b0d5d9a50006a01dc6304f8954b4c13868152401aa9464aa23a249",
  "4e3c27259c78a927d06e8a72ef9703132a143044bbbe132674456f6f68e2c0d0",
  "6f99e401ae7cdc7f4b039e4f199eecd8d721eff300a2ad1dc68e9a62eb4336bd",
  "ec028d71d9c0150ab270ed00fc665a93682382dc951a0052b312c4ef00beb664",
  "0484ad01156a0923d1b04ca387fc463a1794c6ddc613a676382df8978483f6e4",
  "ed6a902dad96b36fd2a538268c8b63a23d9c5c2d71a196833f8f790f0311bb9e",
  "1d92b288d5ec5c431f3d6ecdfc20a79ea63bdec4b2db854fcb76f516a004832f",
  "327f6e4e6e6e8d36335b358f38fade712f1bf19609681e0379f3d2f93c93b663",
  "dccb380c5cccf76a47036247feac0cbbb99c706a3140a9f48f57236d46e46d57",
  "74280ff0ae5805544072893eef84d600dbbc51963772cd711e96b47c5565aae5",
  "1916e32ef10738d9191a4f0f5900190bc5793f884413c823062a0eaf6e9a8cc2",
  "be173620f03dc5454c86e8615eaeb804a9bc3817c8a3056cb784615f1da59029",
  "7b187def4480ca73c3e96c8cedfa3464873c1a790abf9a573c470621f41c2504",
  "6be11ba1d95da4e843431b0bdf6f2cab46df4f494f72c2ecf86bcfd72c1dd8ab",
  "a0843c7c393136a64992876a6aa273741e8c75036116aa05253de5cedbe3c28d",
  "75fc376956efab3bbb7844f47ee66ecbb0bc859a5be06dc84d9719ef08364204",
  "4c156e3f5b92d2894f08425d532fbe5595e57b1550c71157536d62c78c8e8231",
  "58dd8cf1a5d126c2ac09be35ff7f2ab42ddd6ea5dd4bd2ddf497bd4c49146461",
  "870c4f74a6933e37775b58d30f4e49cafb67e6ab36da5a0a5ff736c4926ba84d",
  "7a585e8d4bc5ba5c30b5c84f6c0ecf81a917775400f5b66807fdfe171d9fb2eb",
  "b6c7e2f41c0e3247b5a3cd78c75b25dcc21e45734e2c9a9d063778aeba769440",
  "eb3b2f8328466737fe9135d257cba0805dcd23f3f745c18c4a783dbb9af88418",
  "87c3a252b43f89a0930d9be740df9453c131123cb7f81bd3412aad49cbcf3044",
  "13d5363333bae3e01c71ca0d5f869d580d663bf89ab4c6124b14a74f60374ee2",
  "2fde57ee01bf07a074ddc5a63b469de8bc2d55a590f5b0c798e307524f9a33f6",
  "517cf340065b3b128ba32efaab1764e3db3f71b78a10ac2b5df83436eab6ef26",
  "65f6ab1203b5f3c1a2becea37c142565b872a156a48b527f3fb1894b9291d187",
  "ed4777d188bcc1a785b3462be1025d9469a9d23189414c049d6604aed6013ebf",
  "f4be5566d6bc12a50de2eb00d0df15ff2cdb0443429bbecd638cc541eca547d0",
  "824eaca3d92fa0d71e283fddc274bf2d25cf9b47d60eb6c5d0dddacde176affc",
  "5ffaab86349b8f884ca038d90e4a083bf5896f5eb5a77c7234b8690c06f6ffcb",
  "35bf7fd1f8ffdca65fa55f5865b0cb0130ddf85c7444716e7ddacf3fc9ae7cf8",
  "a81be991795581f2c4810e4de71125ce706d71b40fb2d0d4361fb658441b7adf",
  "a020dda93edb6ee01904b8983a1c59f3d8b7cdb5db36f919c78bf6f7925636c3",
  "5a118a64c1ea6978ae1f8557569a38db5ce2afbb5ca83ada88de1a04e5740aa6",
  "1884bff30ee0f131c61805f1fa39521d729a7a2b3b080c6e98281e5c17607a79",
  "944e76a4494a2668e807443c42ac5024d666b9b52712d5e007e51a6b7941be0a",
  "264cdd55b20ade962361fa639a72c3395dd4747e47bc050ae29b5dab129a61f6",
  "97c05d99b7f48fc02d270ca36a10e8438d2080a3a2f97edb520d2ffaccd69872",
  "f2f7ed99bfe963c0832220b57ac807247be187fbbcb9bb213ec73843ff0cde9f"
]
Wed Dec 10 10:34:31 PST 2025: Mining batch of 100 blocks...
[
  "691867323c4c667da26c56a0bdacd4054f62c26cb7031817c0d149dac92a4acf",
  "6b2ea051aa86ce8b28c8b2d940cedb2c9199ad84b49f562d8ffe2e705b849cdd",
  "8178ee8cf5dbfd1bf9117469f3c6a0403c1b4a5d1bc3a8078b973b3e83734513",
  "b3746ac42854944b21de6c9216d2655ecbdd33a8b38c5b5979f81290e474aee2",
  "a313ee49422e98c744d42e2638908c19f4f9a584745e5d6cc7beffcabbb9a612",
  "f87d7137bfe4dc0991655b27e22f59dc376f71737aedce3820b08b8d69150968",
  "332bfb781d594acd9ca9c29af4ef6be4f7fd09b5f9e4d2e1d0f15dafdf7fd318",
  "d27fd26fb9e8606bf1d83fa1c6835468850b1b5083bdf23fbae9721eb38c047e",
  "15278da33437bfaae6391fd171c66d997e001b0fe25250c2929f7e1822569529",
  "27b16e72658bf9775dcf1f587ddab78b8594cd8bdfec60d7973e38b04a76e4bd",
  "4759311d23de5867018c12aaae21a57488ff8b99900016ce22e082beb9a225cc",
  "0d088c5649107ae71b0e5d086059c28e400b14bd9c61e73e76af6c3ec1049376",
  "0f815e38683c806e5ee469fd51e7422a9392945965287d77a2ba7e732d096ac9",
  "92173bac622c60de50c83eec7f192672a6e30fff4aa8fb62c70d83dc1895b129",
  "dde6e96d162bf379267dd407598100ecc30cf11f85bc911c07c4310dc27ffe24",
  "8969747f0b8812c6f32a3c26c221b7035e3ff6dac90a403c6615494ba9200126",
  "14af48e49cfd79ce8b7ac17290957e1f7e3f7d4f6228bc59e6549ab7fd180e08",
  "d62d629c8bdf7a4b9cd6aed9c1034247fb48ccfc45f5798351705850afbb0ee8",
  "108221fff360eab7e2bea05ae09ac98ab66c60d0cd7634819a51409e522d1de4",
  "8affed5caf9580b32d0c4cac77128288790b0a7b4fde49bfc2d8a92d0df1d773",
  "800f53e578cd71e7ae87f64e140ba35b5fef7cca9211e0c44f39f39e08e81502",
  "9f96182d773851806e31c7de6bea260b3b738c43a22bcb0a81b3a657c31e9a6c",
  "fa26288fc99c27aff32ad71aa9431209a68212137a886bce60d3a8442eada16a",
  "aecc54a6f72bf47e852d80fddceab9aca00e14466bd288fe0bb437f2a5391227",
  "43ab5eb64e245a6150cc4106f517b174030dbe536b4bbf34a7f194f9d0f93e74",
  "77e449dcd01889cb1ba97ba1828faffea429bef38afa4efe0602b246a32d5ff2",
  "e6f49dba2857a8c0512278bdf70f949f9db8d548d85a0eefd4bcdfc62bad2d11",
  "14a4665937e26eb539f21a2c242f558b4d7aa1c80c83fe02728aa2806ee6c392",
  "cb98a26dac43d42dd63f77b033ed59f9ff6cd8339d3208c8a81a54410ddb79a6",
  "69f4c10182bed0c5b062f9001f4b6a5e69fe1023e7d507015dc8cc7fe2d1c381",
  "d87890b5b6e4f6007b3737c8f49adc1f06c6d9e879a27a5819d7980892237284",
  "2aff06d4f40e2eaf459fa3c9eb8330409e981f2aeccf303dfd8697182b3b2684",
  "27a7585ab0ec08d64d74aa2bd2ea8a00f574ea31d1cf5e54809548ea26ea5bfa",
  "4ca526201752c8e87fa0cfee075efc5cabae1eeb6d66ab3568665f07eb11ce8e",
  "6fb84affa557180970e1936a6839d6fbf707ae77064cf0cc403216039ac6893d",
  "123f609811b1adfb76a335435de11f0746336bf1ba46f6fecd8fb1bd17b9083d",
  "d55770041bab13d8e0e161172d8c17739cb1d2530da3fce2664eeb41af5443a2",
  "002f4f9dbce8c51489332e2764b788ef4efde7f36593e10e2b7b2b885ae2e9cd",
  "16688f386dcaf0f7560daaef5cece406d75bac15a7b1d1a7e33ab9a2aaab53bf",
  "85b55dd2dfa24d67a01204e06dc2d30b97e895ce3f7f72a2b6ede60dbc351657",
  "ed48b18cddc55d5894ff01cb392f0220dc4f2e2b0928f5549bd6b7cfe3937115",
  "c344613aa409234ee2ef4615450ad91bf4c41df8a1adb32745c6eab72a64b7d9",
  "8026cc02894b31adc227c1b621a6a99d1ca1f4cbdae2da70eb16caef6faa4e92",
  "ae168b47c114aca028f5b94aa47e8bedb8a874f208cf84bf0f8e2f411e484d44",
  "b9b8863e08fd9223aaa19d9118779f3a12506e5c47a6eb948d994eed6e53a140",
  "1d1330935ea80df2bd8d55b6fc77562954c7bf6a8746655487b150fec1a5326a",
  "3f523f4e601dcc2b6a998d6d6fb366f55698a118cbaabced96d0181b552190e6",
  "6c3edc490b3d4dcc9d8653ccd9cfc97abd4546fb8f1046e64a0741cd34a400a5",
  "8f893b68e1781d5d3a79ea53e46181fecdf6abf9568cc8ef6361d6ff234593bc",
  "0fded0cb108152f5e999b05155af1a7aa52e415aae4b0f850dd8ff58d47d19e4",
  "a5c1580ba669b7a660c8672337afbe4ce3326fd3d2983d513fe19ab8e19be4f3",
  "794723e7ff319ce7a9ee808189db370e68c0f3a1d1daa17a7c262212b5c5d66d",
  "333a19b90d2da64c2a39e61f2a9be15004be6e530abede612128d570d672d400",
  "2f48b10b64e250af6d6bb4f8004be996b245dcc433750c8d50fc7efa2257608a",
  "7f7d38ff37f34f238a782a899dc31b9495ad7517bd717b193abc9d72d678493a",
  "0177bbd16c4cd30a03fd71ee9b085157c1e785731ce1587e223cf38fc19e5ae7",
  "f62b484b0f5a492dd663abdda9f9b9e6d538ed823e29980d44bab268c73bf2aa",
  "5ee0420bebd3a4a178a3fb8f7194f83b1bf586b902f86976a97e4dc4096a5ee5",
  "eedfa7d2562b41bf3371f8d4222505b4683421dd94cf3f040e20cf1de8eb6dc6",
  "99c424fde63ae5209cbb28e9b5ac8361d2d6467d9e8a34e90baa25efafdda6a2",
  "35355e2d3233af19c112c62bfbbcd1e80eba65d233fe64155fb14198fb0e5e2c",
  "c2e01085a3c7334cb2d34e3ee947effb439aac0e1c5d9c74e61d454076c6bf15",
  "c1a2a9fa717ed91f75d14dc34d6bd9b1f5dce81c890194638ee6d5fcd5e8deee",
  "fae2f903ceb3856e0d674d4e82ad097e34210423f16118273269442a2db772cf",
  "d62f71c7406a580161790cbf25103df6a09f11ff971b8c25e6c5eb3737a90d27",
  "49188cb9ddcc4cedf80fa6372555a0fcd4cccb6696ec5b3ddfede97ddd1817d5",
  "ca86a911c8f7ec6c1d1a8526a5639ca64c6749a9ccfd92dbbf8a715715f0a4c2",
  "d0812e6aa41c50296445dee080bd6b95797986185774a226fb15e0eb3f7c9fba",
  "926d9e67d14b762e1b7855eb8932eeb3522544ae8c4187b943468f18185bcb40",
  "a945a06ee3de6a5479bcf0c61b3f20d4070bd57fb668dad60adaf76d4812fd76",
  "bf651a377d0529bdbe35c51db4bb923cecb5bdc8604fbef935cc8df3782aef41",
  "c758157af2037805c0196e648fadd3ef7ed6a94843a278c0adf9f6270fbfbd1f",
  "a934740c2a08696a13f3a65a274f12432ccebbf4b655fac01eb97b904b007eb9",
  "9f8d00d52ab73e8857d4239cc6843692820ac903542b8968d1913d1ab09f68ac",
  "32948a8384152080bd2c70666ab641f128189d11b1ee9b778ce1f6afefc9f9bd",
  "e0dccc05f3bdaab333076a5d8d27f926b3736b02de35926b438008fb82cf46dd",
  "4902961b9173117c123e49cb31fd3d2402d5572917625cc97038aee69705aac0",
  "334cb0dab427f64fa78aa691b58396d7e5935dc2f0cc4a8cc2e8273ecdd60abc",
  "8624167c9c897b1e544ab6d00629fc37e6ebe7d159185ef1183c64745a253b5d",
  "b5ff24bee24c6f513eca522b3879f6649696c526aefc3c987c5de7a201484df9",
  "104b09076476336620c14bfc89a9183fde94a90e6c526cf6f4268398b8d35eea",
  "da28212990f15a4318b7ef8d3606ebdbc62bcbf97a15aeaa7a349fc4bbfe5278",
  "92e912653761011839cc0d05448d0b701ad5cbeb4e20996f2087c240fe2b231c",
  "2236b1d475c08db118e9c4e2abc9173cb74e97f25d3e831e6273d5ede576dfa7",
  "f7d424a96e243c6c360bfaa0e98da4103b647d850332c6b6910e4f0a77aba0c3",
  "aedac6b6e8c99661bb8c9ce0bc6374558bb2b39e9b40a139bce09e38b31d4240",
  "747dd9ded242d22b52dddc24ef568238b6038e81cbe32c1cc06041d69067fe9b",
  "8b101a5e87aa958a17a35e284af09d10d5da8612f2ea71a7b1ed024d50a47e97",
  "018a18e93f2a30eb3975ea411b759caf480a95ac214b20ad9cdbbce735567f4c",
  "20180dbf02875b6eaffb35bf686d110a5962ad6f7123bc212b303f3cfd873aa2",
  "f759e388260ab9bc221c79f85f662926cd1e1283ac3d3fc7d07b3654960f8c52",
  "ce70c4894ceec563d4805c7380a80e7f1aeeed025d105b0f1d8ae460527abcb2",
  "7bf5a5f0b64f7e3ebcc579bbdfcd4d4f799a118b3741d892a8363ca8cb995489",
  "5877fda247e9595d9eb157c17b82ed5879895ecee89609a7f3b8e3fde51aef4c",
  "83c1c9150d458736048d1dd2e43da4fbe339b5b45c62399b6c381030681fc334",
  "bbefcfc529d8406fe7e839ab47dec447f79bdb23e7b6ce945ee371a8bd9f9c76",
  "c1b1c0d1851a44b6e5f58fe9107c0824fd7d78d9a1980502c364ffe80d5279f6",
  "9df417a349c7b1a03a22bddb05a73579460dcb0cb0e7811782ea1f1d97c78c62",
  "ba3eb8d88733f37e519cd0ca674ecef2e1ecb8ef24727ad33487400fe4c1cfb6",
  "b8a207446432606ce85707d6ee71fb0e6a9f79d50743fc92092db7b6778c5229"
]
Wed Dec 10 10:34:57 PST 2025: Mining batch of 100 blocks...
[
  "ca40b0fc6998e5e28dd257fbd5f8f1f17385efe468e451fe10f173c93e5c8795",
  "ea3d99ecc5dd257b4554f79387ac86935a7b49d4c676d6c6c9fe229c1fee3381",
  "ff5f508ecac85783630a7e5edb2f1695d7436bfe687a848ad9d6cea68e5fcc26",
  "d795edad0759f9f07c09453e40bcb72e4434eed2e1dba683e1d1976d8763af27",
  "1118f4efad2b225b62797f407a3c643a693a5ad930b2b7d0a68c57d68158b58f",
  "64013a02d62c10ed2adc0854702176747962a84cd7f34e4c5d465cc759250c4d",
  "a84de017f517a370d6f9d2eea08049a54fc0699119e7333db4b94a12e4a1ecfc",
  "74f0bc1a06fcfbcd9b56b16a290dd9f1571d78563d71dafc0453a383fbcc8eb2",
  "cdfd8420896364bb19e0b3c4ee46350393564af8b0d4ff436e45a99024177156",
  "9b01f451c876b6b634b68f63240596c6b64aa8c3889d00a188d3e210c430b1a2",
  "61d5f18ff4a49960b6595257e89e8f6add9ead81f542b44def5591014be3d7f4",
  "5ff4289f801c227c1c4d1a95326bb271befa200f405ee2236683d1ddb2b83d9e",
  "e7f4ac41acc70be673b25f3c17be9a83b7da3989acc01dcea5d6e5656b4504c3",
  "d332e0ffadb2a950904965cfcfacae73805399dda5af18d3858b399de16ddf42",
  "e95a49ca8a54392bde287271ebf3ec3f180241b59311eea1b3b42152a63c4f6e",
  "6e34f406b7d34acbf1adb39a0acc271b9d2c10d686830bbc7a941ad386787ffa",
  "279ab9a70246aa4ac795b4dcfd9d6c0b13d98e3af8f3e33cbeab443245f0bcef",
  "8f518cbfec41a9170087981720e838778c86e2842296d5ebc04339bdd38a77f8",
  "9354897a7b76c59a58dfe3f52aa92bc0e579e794055fd9e3c6ad3f1bdc7ca2cb",
  "7d30262a708b9aa22d66bbd5fe439bbd2cd45e34fe7c056c30f5ef0e702c6dd5",
  "8e40988a66fa528361e37e4661be73c407864d11376d34fe90e27208ad8bfb95",
  "485c1487423cb8ac43d39e867b4cc105278beacf163de6955ac15e65c790c3ad",
  "1ea278369254baf0b9d4036d77a9f5fd1ee86660dc0b1e67b32556d907139578",
  "3a39909cae3efded337126553684de373c8461b4b6da5e9919469bcc56061b76",
  "d71cd0d444bacafa07b1c8bf126fa24b041c8fce850d46bca6551353f0559e01",
  "82e09681538d4b1239d4958572403d37b657c00b146d3546d4de83224fcf3e81",
  "dfe6fd4dd2efd1369fa51b63fc2c5865508ee96b1872d486a36363cce441e2a9",
  "7e62574e2e08f60b3d2d71a1dfcb630c7e57f95766ed5363bfa8c66e8cad1745",
  "bdcec4342c2f635b0d061aed3b33a5f0565a6f95f3bb4dc97645c3cef4f761fc",
  "da818db85b7dc549f6e463299e4adb6e816a55a2b93c3df89de606e8fb193c07",
  "bd3934c5b29863273f1faed2a4e3906e4377d28f136ac1cc861bb8103c84b5f3",
  "5fa745a47f349824348e562f4694bb0451c43c3edd74a985d11edee4c7657aa9",
  "99b287735b3dbd339ddbaa19b478d088aba40e81466b4f6b1d3dbd11372694ee",
  "4784ec624d87282f42679e136895a3b1910bcfadc0a8585f53344375e6d3b6fb",
  "4a1e532e26fbd534fd0e2b985a648480de684922f5ba22f95775aca08647491f",
  "65a84c081819a15d14669b1a6ea843046207fb466896d273dbaed7ad860b793e",
  "9077b4b446a411a06b41827671ef5ccf6638d10e0e3579e0448310b9e835fb38",
  "04be957894020eb5a5c755a687f6e6e87bb7ff773ec5522d60fa2531d65647e1",
  "ecbdab3c2a1809d82580a431bacc4170ef64a8d5e2bdfb59092c0dbb7adc8448",
  "c625e1ed04efb33a017ea59894dac7d81ed2af4eaa21c7ed900522ee746b5224",
  "7cddd0f3c981c16e1fee7379da47a5102a7015f3bdd6e5d105816fbc6a293054",
  "ec2f9662c5958570c3338fda16562fd3cba494160057f2e1320c072af20ec241",
  "8e43a4673df8c6e237acd0681d922d11436970a97723c09f9e42a4852ed7209c",
  "1d69284a47ed98414c48c13e77e97b9c62437a1d319b72542b9136187d90b0e3",
  "030b14d97105901b18629e96ceb761dcf1c9c337b510f2ad4bb471ff080139c4",
  "42eafe13e719624f977a469d9581350173621f6bcb3c0da78de707c41e7d3905",
  "0e4af4a5acd3b9340086939cbc64d118db859cbbbc392feed096f6899c147317",
  "5c5bd4b80490ca5105be4eb5261712307e1e80d6b9b03c12943606848d3590cd",
  "ee6015ecc352210ed7c34ccadc4bf110ca51bff17a26d123f5d6972a37c60f2f",
  "7a0182d272efd2b975492ddd3c5d278c3dbe8ce1b4dea75a254afe237d6159a4",
  "bd9bde47b7d50b3e10e9cc59273c7b65ccc70587d70da3f238415946c5833b24",
  "0c0ebc3e2e2dde289e034c6fdbdfca0c83fd7c682ba4a9c4a1a0a92133de1325",
  "f6d3c711ed8b13098e1f106e212ec797db719f4974cba26731107ba9832b43ee",
  "bfca3af533a141c96b6883f4dbdd045df52341b352cc57c1afc2373894a64451",
  "25319912a16ec7e91fd3bcf0a8e05b18846d2e9d790a8c321cf6ba7c6e2e1482",
  "f28462106475d4f06ec67ddae784c48df53ba4fd308d2fe38dde829f2c56488d",
  "cfd51ba03fe17c7bbea2acd36216b3805b1c94ae97067cf4aa838f0025519c25",
  "c6651b6ecd093072ac02f0eb24cfc08d324d8075ee78317de8b58c1536b2240c",
  "7bd83cc50e60f819e19914ce726dfa76af77203e4d041e1f827477f757cf9c44",
  "5c24e156ae15041dc02168ff11b30d1905110e5f0b944bdd13838b8f2a01392b",
  "1e4df6a55cd8aecb52352937bea80860855fc82697f928dc04afc3cbc1e27afb",
  "e4d648b8fc2ef2d2c92c4b44124f4eb130c7cfdaeef70aee36e1ec7a9b03e0b7",
  "289d626907341ab8c6c0fdb17c33e3417874f8f40612d903f0e0d43faf19454b",
  "081c92dd888bcc242d50ee4633bdde22034c159e6cacbd21b326777a10ceb40f",
  "7d26c8abb8d16d6fbc5bf097adf1dc93a78ee7d315689831ef1a97c4b198e423",
  "d9454cf9eb8b22c704b42c339ab49c1c36bbc44cf0e6520894c00de298b734f4",
  "27c65f8ab0719b55c35b9a03be6923b0b487e609047680228e73ebdbf5bb647d",
  "16ae3293e20c1f8123f4221a19bc3f7176592bc99821d9a7e9f49769ed6f2cd7",
  "60841645285f4ae4514cbc1932970e7a73e4c81c2e0ae2f219a42d47edcb36db",
  "106c65a587f7e084454b85ac3cdb51e3e516d055f6ced4932190951a8782ce21",
  "9a371eb62d03c41b02516c506cbc59c3f8b14bc97c919534c9670724d14c2ea0",
  "9f2013cde95975177a4f58ca84f7344e0dcc48e446be105a3b5067d9205c9c5d",
  "b54ffc4828907eee4b2c02c8236a81afcea3622a30474689cc856013eec32ced",
  "1990c8d88e5819081f0b4f72a193fc2818b0696db149ca473eb7466dfa566a8b",
  "53ad30c80c626d1df646631612c4a5b4dee71d0e07a2510ce33fa4bcb9c109b2",
  "7dfa99f6fa60532c9dbcdb7b386575d7c4efd19d32d22c24c98b3d34772f3d60",
  "96c7e9ca14f7a650a25bf12c3720f898b3274aa8f490cdffa29695e3f2aeb9fc",
  "ede375d9b1f0b0eef6c133f59b2d3f753d8cbcd06d7c6ad70f2882d6ef7a4f67",
  "5b16b60309272d424c1f754adebc85d3d0637aa98e1a8cd21e9ad1c0001f5b2b",
  "a4c4df3f182d1f9300ae1b7aa30748f9ab79a21c3fd4f8bb7993ba8b267703aa",
  "80ed20e2fb081685640e347e08b5dfb158ea95c0fca87204037095ec8e0f31dc",
  "ae071c6bbd88a5ee90ef11ed6c8f648170a3dcf5ed299d1d4c93691f79066c55",
  "ad384d9404f5e6d81ae240e50249f8b6ce42859c3754734fda8438e5f9812d9f",
  "a4bf34bf821bafa8ae36ec6dbfe3cf581a6586ce70ba22abfabca8527347b405",
  "0d814278d1c581f09efd4b19726248145cc7adbb57b85797ab111ee45ebc44ba",
  "b76f5c60fcea06587ee53a01498b2e7290d12a9a5417fcf2514b67f8133279a5",
  "41174e4c37c05bf0a34ff4568bc593c8f79e8a10c8bc84ddf01574fb0f9da032",
  "41b2d564e2de8efaa7cb7e9e369e1592c7450ced5a0033818a0b52aec7d0039d",
  "076a84eb70c8a0bd31f0fb463e9b9be70d84bf3bf68710e1ac5317b0d2d8ef5e",
  "3ff2489949e7e326d6d8bab78ee00c36efae754e13df8c4cefce095a10926dc8",
  "63eab0ed87f4d2b215d9a65af1a1a4bf606b9cbfd1cc379f68874c4c5df7114e",
  "08112ba9aae0e819682c47034c63c14cc9e442216e9ee8b16cb40312a4827a5b",
  "6390d72b3d25602f826f2da3224eb942977c59ad6eaece253f62e442255f43e7",
  "e1d5de88cfe2fb464886e34e6ba6731b453b863a57e93ffae94af8268b2fd812",
  "0493d3746ac9e68a2438a651b292b9a595dc1de09da86f4b5a363d580a781ee5",
  "8d072fdcba9d9ecd9d17325af2b313a8b8d52c13747f7e355256c58e199eeeca",
  "82d491c6f585052e9d0fb7350b5d9a47133a3a30926b3efdebbf3db493d0cd9c",
  "6890fbfc77cf1cdd5d53b767ae9774b100ce0a6d547656aa2ea367fcb855274b",
  "9c090a0c85eff8e0e294a5cd1d8b0c3578ace8daada3ad53b2d12abfa1bb13d2",
  "cdf3f816426e53bd45f8188b326754cb283480416ad49ca8a3d3e126b5737ddf"
]
Wed Dec 10 10:35:12 PST 2025: Mining batch of 100 blocks...
[
  "1ad306d697054d075f1b4f3f4a0fa4f26a994e60f3e11ce7ecf8fa630e46d5d4",
  "5da1df6ea4462381c7b8be2a0813f2658d512ed0d7730186d6ce87b8c2b07474",
  "10f5e9695d7d270179de6b7fdc373ae692b944694976254cae2d82ac8bf2ef40",
  "ade44a250d59aae5f8344c274e08ed094f211fd333ab35ed4906ed7857498cab",
  "b4cdd02a422ba2b8ce794467bb79ddfc73e4bee8b9c274c328b50059b3a8e417",
  "807abcd4b79124c4c2b4d563c8a57470436cb4fe79199e32df59bb45ec63c708",
  "4ec113a2808d21651b54657ae0d4385a3785ea55a96d8704ced4ede7467e24c6",
  "e2beeeebe942fe732b935e4720a94a0ab014ecebeddb5fbe5224013b1ec00751",
  "62f05a04b3b4a455a8ca10c3c07c179b16050759889d4108266c48d605a8b7cb",
  "56bf128b1e5c61738b6faaf80d8798bce652efbef69bfae3ba583c6622206b1e",
  "489f9224453af773b584115c28b173cc880a47aff6723dc016485c4d4b28816f",
  "a63da9c9cc210236306cdaee8b6df3816bc2126d9c2d8f6eea4b8e4c8d839039",
  "b8bff7bcd34ff248fbc2637a4e57226dd7531988d54e806e5dd62a484d2a2730",
  "332ec1e3908a4a16a72b8d2878be2f8543c366975b351087ac22c696100e8ac4",
  "f45ed900fa902497668577ce8db314f01ff9733174dbaf8e5585633007d420cc",
  "e9f21064ad1c6a106d9f5a88b7367afa3a1b4a5ac57d43165234d4258640e6ad",
  "8d982613dedeb107be4c58e8fdcbc2442dee3b43c2c33317b3ebb9b00017c031",
  "78cf5b84ad28e544bc65e67c74d8c7145e8a65e83678ea6f7a89632704bda488",
  "1bfbfce1dc0a7afd39fd4e493932abc0630fb72eae6c3b9d90f9f79286bcc359",
  "40dc0cc85d4931d8f114a2753e155466983d582dc0c3296ba8138e495310e7fc",
  "99e451f73c9cbe3a3d463f047bed8a59cf6f4697e17f08e502d8e4c2d600b3b6",
  "343f05ab7ae77c70bdb569f4fdb26a4e334e0d471ed05c89c7102ec41d7024cb",
  "88aff660b57a0a85108ba094fa19a7c50dfec36594318b44212c08f4f9e18d19",
  "163ce8df58ba3b802d791a927228579dad641d5213dc6c61d11998fbbabeb7d0",
  "baa73473905e8e74a15bf76c467cbb0c30df13b7b39128ba9f411e0838e2515e",
  "9eedc51a4dd910504a9f70d6fdc137f2cbace27ea7d6d61d8b23fbc27d1d4ec8",
  "4f3ab937710cdc1874ca5dc2837c69f3ab9b43c72568924f4e7df1e9d11689d5",
  "f537a0d025db417fac2210850e51d561e32fdac8147481fb31599d56466fadac",
  "d252799e33a737270cc34880f3b7c7b6a7f6f9db8d1560991e916afb21ac51a9",
  "a8e67d9f568bc8e0713300991b07b21e6efc20249845703b2788308815f42263",
  "2e1d69e374a73cf5123e12dabb44362d6464cbdf2bfd5862fbbd492710792c70",
  "a0d96ad75f9371d526bb10b5d076f09eedd6b09947249d9e30a0615bd7cc0d61",
  "d0567108d524ecbc7ad73e13f827144924da0a0be164dbb5a6ff2e62edc74ec6",
  "ab6bf97895d6d710cac9a399cfecd5132decf1de4e96c668d349858e9c3c8af5",
  "54125a154ef96f4434fe1e30544a4db5fb554124dca65c8c8b74d5aaefaecd1a",
  "4c5181bbff164f6223e66519071f11f9ece24ccc964369776f4ac137a24ee63f",
  "cfbc64986cc672f8a51cc26b9f71255222a6165c443d41e3ff2fb749cbe197a5",
  "36904599107e6802d87a0d636690836aa6315da336bb99b5af8bd4a5c87cbde5",
  "e06dfa2bdeb9d0bba08529c6a89de1c005969c54c709fc5827734be3a91b54f8",
  "37500272a9b9da3bf3998fbe3e6e75b785c71efb6cb93f5b866a658a04423962",
  "db364cdb0bac4e9b7b719f39ae799a57043e03958cc165cf19297c04f78386a8",
  "1858dc223e211daeee4c7b406a04be85d2168a5fe19a76afc63adf0807d7430e",
  "a355c9ed96d578336ebadb0d9654fd19072f43ee39f41884f464c114baa00d62",
  "e7c4025f1f44aeef76db1382b17c9af9917e7ad6e48de012e2e33ab962c8114d",
  "d9b14ac67ce17a2ba9f0447aabda1324cdd905ee0a689610d311eaeef99bbc9c",
  "e8294dbbfe262b9857b946e9a021c8700aa5b359c65c72e5a0e3aaa2de21621d",
  "5586ac900b7f5976c78731d0381b9dff91d3303b0dc7026a610f69b3e8a933cf",
  "3c8686437f3d3cc348288503beae653a996a2f5fd7845c0d73f40b6b47af0471",
  "719ddb9dc21baeb7ddbda5d32e8546c37b73878a8a61f074654354f5879c0dee",
  "3124e6a00f0146fd76d65ccc5b6b444d541b778d67ac549c7e421e4409f5beb1",
  "1571e0006e0bb808f293a2a03dba53e1805acbc35b72d9b3d253cb270edf906f",
  "5743bc2a3f24e8901d18378fcaf1fc1b106b9781dc84cba0f2e58a507fbb61d1",
  "ad725217fccad5528eb2e4ce3cb5477cf56b7532f98a2fdf8a38f7fc97c91f4b",
  "fce522eda705ca3da4563b2d2fe0d489a8735a68ce51e71990f15d3461014af1",
  "82bb9628505e169eb1a28284fc30ef93c8599dd664eed3c5cab679934b031559",
  "a14d0b5d76794550262d3b2864ee328ea5b433c6a3774f5aaec73a8e8118b234",
  "ce9f79347cf25fdcbc4aba6f9f8d68ca32e763d87b3c2d873be7f6a637005a72",
  "317a73a15086c02d577689489e9d2e18458d3f875b428baa0b200fe9f3301fea",
  "419906a3736e1946266356964db4e937b5ab459dffd5d03fd44adc92f30b454e",
  "0849ed686178aa41179e408911d66e4bfb2293859e46151736a3f80879fbe3bd",
  "432b9b8dc245a5b9df7216d96483ba080fbd41e209fcb778dd7fd88408eee9cc",
  "d489d626f9b71e652c66b35346ed73e6af2c053dd3f653345dc05e420e3cab07",
  "0e1496dcca6eac8afb51f7c9e370cd0f29d5c0d5f985b1e2f62fbb68348ba36b",
  "ef13affd7e49ea8b3e7e0b3fdb1a36c416d6d2710e03708b49f701b13cf5b97b",
  "b6c55b92fb5de7da2e1ab1e87c6934c102b55c3f9866fee0ddca7a95aae3ebfb",
  "47847be65c4546897e4ecdecd0c8913ca5913009faf1334e3d87864514dfb6e4",
  "604838e47d359c890fc5ecef6f86ea96d00c8f7fcefb4d500efd06bbd9a4c52e",
  "34ac61f5b3f01a6712c702a1f775f5c158efe12f18183e04ec511f8f1d6bd5b0",
  "9d55a705462f7d071a66e86c3f18fd57b84baff8f5caeef1afe03e60f54b5cf5",
  "bdc7341dcdd3226e18c068ec63914fd1c514f51b559cf96f519db3703c035986",
  "4741bdad529bd2d590e3a87c6d8d7e6daec3ebc9335bce515fe39d2bbf7100b3",
  "3e5fa8f50e5811be395b9093b33928485f81fa302e1ff8609032845cd4c4b84b",
  "f586cff2c9aaffe6a278f22e99454844d926bd066df5cb5c482900e4b2b183e1",
  "081ce3eed9064f5840831ec94c566aa30899cb69729d603200df50d510cdd7a0",
  "08f603e09036f9fbd0c55f7a8e5f7db1b813e1a32d4aecdb5cd123c7ab4c33bc",
  "9f61f0288fa33499f5ea5755ab32c5c96ca1ae2047ff41dc13147a0a631c7854",
  "dbdfff542a0ecb778aad6ace734d150eef0259bf9641241d893706bef55a8e29",
  "8751996738eed8752ab7ac86bc942994185431c15b4983513544be8a20359e61",
  "6fe4220ce2d5eb1b6f78334ae55c10bbff9c6d989895a3ac5974d054d58936ff",
  "5fd398ba1be0dc6a9c3f05b852aa9f0cb86e0ef2f5753fd741e0d0a5c175f714",
  "c988caca1a58fbde2c817f4f0d6dd77eba14c34ced9e75861acc051bb80ea443",
  "d8b2f5febe404089044be8ea6fc5f63d1997bdefdd50cf5937be41568c2b393f",
  "918b3447117bd84cc0f924b8d6119b8bd84f48c6ff707a9778d8556da65920ee",
  "19201127a4e17e4f3d8e9faa98b33c951509060a912835d31de58aaaf33940bc",
  "f081cc2c02e2f4ed28d0cd1eea3efeb991ee011030a4e3ef2921e3112fb9672c",
  "987fac74167d0f1d10647074cdaece3bbdf0980d5b715317afc122fd29f2f1d1",
  "863ab95b8f640042d1b8c8edef833fc8af5162333715c0ebd085af1f573318d4",
  "8c9a51e3ccf500b8787855a597c19d0b68f1b8d0bbf5b412971198bc70f4a8e2",
  "0f4ff22ac7be8c614125813480aa145a3ffef4281151b2a72e83544d165bb95b",
  "6977d1ba528614bdce7c6e4f6f74acee856d0a47c42d9030cf2b62b72e6bf166",
  "a787eff70164858445c70615f161d0f5dec63e243e42b35007e47fbdb41fcf6c",
  "f8fec35d671c0f4060e70459f78067fb99d6e582c970ad8125507a7fb809358d",
  "8867aebfcba7cb6adb25608d87ef410f59eec54556a24e71d7b0f36a69201c61",
  "087a27b2610dc3bf9d95f8324e15fa76db9ec651e81d669633ad811ca36f37d0",
  "8fb222f8f0c855afa94ff9594798d20e2a75564539df21fcf885655a65f40520",
  "aadd07fd8bf0a05cea32415973c78355074c9d46da351822d9dde79faa1c64ab",
  "16b39c9257d4f0f9d3997722f50f1085f21c820ff134a4ad0368eabaeee4c8a1",
  "ae9d857c2a5761d49ae03992768c5a885fd29fbc6e4391715fc888a3156ba0c9",
  "9811a0e897fca3bb06d6e10fac9d546d2ba49423778ee806b5776c5f5ff65549",
  "f2e6e094e09e56b5bc6fcd7ac9d9394f4aab8b456bebc205ea7c83848e06b46c"
]
Wed Dec 10 10:35:36 PST 2025: Mining batch of 100 blocks...
[
  "781d569070cc6e02631dc4cceb6452699f989e9c8150dc176ef05f3e716460f6",
  "02fb6f8721da69b3ba50db830b7e17292abc7beb1e468f4737698a716777013f",
  "e178add2cebce9c5268d68aa3975ca66e9ebeeec63c40a6d45c665c6245227c7",
  "3a1780ae11103ed332ac67fb4b35f2491f44f4c57f7cdd08453ef7637e3008c1",
  "ed80d986e5d7ef1e751dc40eea495a791455d028aa14162c91e787361f56aa23",
  "d607f8346f162d9554b672c707339e631024fefc001b927ee91cdcddaf4ed1d0",
  "017a0013bbc529957dc041397ef5b9d3a97128f42a293e6ce125b1feedf468ae",
  "eec13f95ee548459974a15369ef31e09535db4aef2f4c2e1214f39aefce0127b",
  "c3ea23be00b444f91e5216d7cd4efa17b57bf31952bc0cdb0c7cc5698ad2305c",
  "d4fb279ceeeaa727083f3a98f33149dbc91ec3a046886b5b9fc2a9288363d6b2",
  "0b1f39c8702acf169ed0bab68034fe929479d39484f352d2c8b6bb425aaf57fa",
  "1a1d1b4d364475c25fed3255d9c2a9f1fa2cf053f762df00d03afe5afd032fcd",
  "5299599f49c3b7ed98cecaff48ee22cbf4d9c5d5e206c3dc952922ddb115a73a",
  "82b1a80a12021e539dfd8cafe5b55d6b57bac8e61da827e4a88f036365ac4963",
  "3947f4b1cfa501f6bc812e6c435e5588b8ce40fbb47c2c4a738059b6bef4c2ed",
  "9eeba729f4cc93944ca14114521772e19c08587db41e86c9af2f7934d5062c49",
  "b54deac637b390fcb62a21199c8fb8d794839f03ae7298da7a89f4288fe2c1b1",
  "15b2153b8adc0747a847d46222f67ded52d5dd170c01911a0f5e6829cb98be2f",
  "bdb60ee103f2248a0c44648dc38615219dcafb63eb4de1010f883723dcb0b13f",
  "1d0129f7e8912e27805af7449971c860095c9f666d8b7eeab5cc867c018aba9a",
  "0239e4d301571c0cd7b40ade9594da5f468939c2138ae70d0473ae053d9d5ae8",
  "8b3e37af6acf65394cdb4cad1e59f36619900c888cce935be4eda1440ff7deae",
  "9ea75e830ae262269e3f0aaf8700f64c1c2ca2533e9e2f630cfb3ee29659a471",
  "414a129b7780fb8de9c0111dfd58556ef3e245d4179c9a01a2b63d66fbf469c9",
  "2e192267f9eee847141e6e298a9a94a149954455c8ba6c12d3acdcbcd4f18b0f",
  "8752eeecc87269b18b98bf32cc221ebc03d1e9e8836e38a8c1906ab0a7884a5c",
  "c8a49d0683d17dc27db1db39b8c632fb99dbd7300af19e9c625801330f143c25",
  "719aad463199a43fd999213cca643ed9fc0b726214b5dc52e3341e5a5f97e861",
  "2f8a74ef581275b0bdcf8afe2873fbf09a87333facaf5c7875dd50cd9262b819",
  "0666d2f0403de14febf78ab208471e24460200284666f69da73fa329eab04ec0",
  "2c6215617ca6e6dc6b77bcc329bbf5d54e2bd9e2402b1a06ce6a24721483fd91",
  "69da761ee22b23168d8adc2d491bc30bfdf681192c43438910e7dd66edbfd6bd",
  "0d4d7d4956bfb1a6d6b2f13aef106511bac4c2377a1f99111310540e405bbac8",
  "c7a2ba640ca6970d497d01cbce16e62892ba078a8fdde4caeafbe76972b06209",
  "7429ad59bb66e567c85f776cb5e33c99fcf334d72be58d64bf6ce7be3a379a99",
  "50a70a835c009b5dfa06e259b72bde84854869cda8afbcf1a6a451059149f964",
  "fe0c8a1ebf2721d36004cb17374affdb95f4ec10324c67ae3a1bde4903d8e60b",
  "fba6622ed60a38801be19c7b4d2ba68624f9ed546495a2cdecba02814033fafa",
  "b1b214d7cc95d4479848fb52095bdaa8575ece80bd25f0447bd5c8fb8f07f86b",
  "92a4a334f3bdde763f1779f0f03c14e0ef299e625a93258e57e2eb51b1286067",
  "233b33b4745267a5b42664625b68dbd35ef339996938a94e5fb8f67103564960",
  "f88021656c1e4b18124e95fa62ea788653c9fa1cd1fded1d85affbf8e83f9130",
  "3f9358809b2df828f1eed24210f20fb5c577df1752b5abcd5e2fff2b099d8ad4",
  "a8b911d6e826e98738709937a5b11516dbf008cefd09f5761581261d75639906",
  "cea78d6f710701d13224336466622a1014e6829fce9f9ea2cfdd0d7288629cfd",
  "5359a74265966d5da26b245f53053184f0cc0d48a0417334b8ae0fd41f07991b",
  "90ba1bfc19d7c0950e603f34300a13ebe1f25559c8a5ae294362ce9d401f98e5",
  "cb503e8122c979c6b431cbd1f34f1379f5f65a022f0ed2ade3fb74b80cd3a172",
  "f2bac8a95d3ebdaf5286829ffdee0804106d52da7e5803b555a4be29f6399912",
  "f7f667589cb81575137758a3eae97a095d4f1fa94c985378fe9cc2bc7a7607aa",
  "00e7034d64a60f6a204c02adb61cbb304d4e9ec58ad507431e7e7e69828f2231",
  "a6160b532e83ac699b6f3c1f71a4fc35b088af5da16cdbdf577329310e6ae5e1",
  "381813461253ee400ac63947548aa6e474671f9f824758f505f56eaa8d4dc0f2",
  "d15b2f372f85da7983a0f98642ffb52dbd537b2b00da703a6c6359ac6a4ff1d0",
  "e198c3e7b7c07fa8d73a399f137f1e7452e23ab005d23fa2d6d27b23f0c83327",
  "c5820861e088db68c7836002718e99421ccf01d1066f5d496f7b2ae9378190e6",
  "5b4d1fdc13bb257f53652af7a6ba89083008706158a9c2ee2ca541ea164db120",
  "04b483a3e42f2106696646f0a17fec3e0af76ef77841b61b0baade6badb18694",
  "4ca8805cdcb7539edca6137969f2b08bb457b4f3b0de10684dbc5eca699ff468",
  "acca635ecaea01375cd463e6f60d105fdffe66c9f40810474ab8bf0536a4f5ac",
  "4d02e429f31dadc002710f44839078dc175d24fd35b77cae100c483c554d547b",
  "a9694c0eb3337bbc4808b2fb3bb70e69f0c2773e033a59cce692ec35fc63aad2",
  "e791d091238d9e2466be261a7b9c0880f4c35b2ba8eb4740a4d198e1f5babfc6",
  "360c0debf9c82a214804c8a1cb381722b8c847f877c1677f53d2bd4de90eb528",
  "539e1000453168cdf09b437f53ed54b2725b073d57069bc193689cb4b2510d3d",
  "b26743af5ae31dca34eae8ed9b22318d485d07a3d1f646b6dd6367f2578cde68",
  "979c89a6b57ed66242e69e003b2cb4339dca96328899c9db16eec5d609b8b4c0",
  "bec730f7bdf7305addeed59f06ac7291735b178eb9058994c4773e8f329e1062",
  "21231f0c82c8e50176e1e5d0d96dcd047a7ae27675e07dc7e8feeca35d9f4f5a",
  "febba1df5e81b3b1eaae2c0122bc5cdd3e5b0c448b52951353c573c00a532fe5",
  "bddd85fa44c2eedd77ea0f694c9491b547e1704421af1e84846d1b7ca68f41de",
  "a752def0bf6cc6fa86fbe430df70dc02fa31392a36b51bed46cd2fbb01b10b0b",
  "98f56cd06ca9bbdd0ee40e7810e94cc2099fdb795279e568b382d7345e179777",
  "4e649ad5593f58d62a14f8f6f19c79c0e3969f87639539bc202e84f0c45b34ab",
  "ed5341c53d804fd94eb922ed4ee837cc3841bb7e41985839c5f9502b24f70121",
  "ac9d7d9ab008fc18066b462589142edecc13201ccfc12cb68b7e923d878a396d",
  "9816d7818d32e152e662a0338fa64cde9770d6868dacad1e9f1c9cd7637cc76f",
  "60dec1903e8c21029c1cf66a3126277b67264c7a6b8ac27970d960abbd6a4f09",
  "f222d961efed4b6dc83e63ea064a8dc428d8c7e1af5f038897e2d74707a0e2ea",
  "631bb81150e29125b02e30028f54649842a011ae7536f50e79c2186da0ad9cba",
  "fe9516faec9185924bfb31d7b08688963ee6be70faf036320836fa51bf60c593",
  "2dc0006748997d875d116ac8e5d412549d4144bcfa128038608df7d3df73ad52",
  "be251b25dea569a9f59875ef14505118a38e3b5c76ea11c19452ed64d0948cbc",
  "a52726410ed50aa6e8e4297a79d7521c832cb0987b79c66530d2678d23f723a4",
  "d83bd501e7685cca525f6a4f644ec8a90151a6301a52da8dffb7b436c3adbf71",
  "24acaeb8b9863bcb7d24b320a0d427b3baf649f70edb8fe9ce91f51191fb5b76",
  "371f87a92bf685c62a83c84474c5534c36a6b045105382e1fae8166954b1b128",
  "4a27badb7c346ef977625a30efaee40020b9781b2a59c58b6f03ca77af3cada4",
  "c3398c44f54c89373e94adf412a43659faac8287be422725eb5541d0fd844b62",
  "7c097ee058c5d341b1a0c5b821b2272b7599c51d778056b524540fd676246f63",
  "91689f3f6fbbec84ab04385ec0975c00f24286333f904d027a601bfec15eccd3",
  "ee726c4b995b59b129be2b9c8c965e3da0e2b4ab94f02e5218d2681a2ed61e72",
  "92b90c67e20e2d2e2bf5ee22c7db56020e2948208a1093f25d0305e531b31349",
  "f247e2ed09fd3a504d9d5b924e6ee7c6a95ea352cb0f2d703f73a27d024f1ba2",
  "da82d67d8f9d0b406471f4b973c81b51f9c7a7aad450901e663470efe67d6ea0",
  "1649da4567ea3a240bf487514101feb4f3cde06f8ba6ab1cecb15ff3e6eb026c",
  "70f3cac8176ce99d08aa3b10e6e09cc229d9ebf033ef8a3fe37f5a2c70015cc5",
  "daf39a0692ec60c3c66d658178dbe8a22918a67d0e8a2ccc335237d483d55a3e",
  "2ca763eeb2b3eb94803fd3716ecdaf10e45414a03b718ac7497a746e83a3dc59",
  "4ec2f7644aebb65440fea70f887735f0ace6ae8400eb8d0be3ce0d5fe7a17986"
]
Wed Dec 10 10:35:50 PST 2025: Mining batch of 100 blocks...
[
  "a1068afd8d3442da2c579d24cfe5ecb924c64312bdc52ebb62599814ab33d089",
  "7ca9551ed090f1f5f030e1d1ad46ca58c633dd7e38d292c9e786a05cee788fce",
  "8da3381bd5db219856c70911a6f3a062fab7ddaaece8359993e5cd31708d5fec",
  "0e31c43bfba66000b9a6dde17b2dcb88676319b8a02c2e5a0f8de7f51c603d30",
  "28c96c23036513ac499842b1b427522702bbb4e69f2263133e3b173833827212",
  "06adcb15bdba78f38d597a380fab9dfb3aa40c5e1f92bf62df7d38eed2b7c30a",
  "e8fc84a840d2b6a146a99ad1c15438d53523532c8235edc54c712dda3213fd9d",
  "adb11b95addf7f875ee6702d962f134f184d76b6806f55e7aaabb76d25c2f169",
  "13162769659f09057a0d57b83fadefebe4898a81f88808ed967d7a6b1c3c362b",
  "c343fdedfa0a8a444e33c25745f154b7df6f11e384b745a79ef590510338d2c7",
  "21f6a5c77b6d6d2e4ee0eb84cf2bc05e57a96453eadbab8510862fb00d77b59c",
  "4b843f1b4897b7c960b2190de5a47527f49705c91228c424c3abd8f31ba2f412",
  "6c612a3e9ea41c39cd7eac2e39702e31bd7c6fd15cfb72ad7082c24d737cd36c",
  "8cf6836af4f118614842991ccaea98cfd478222e96c471b0eb532ccdc51f2376",
  "e29b94f122d3b3b9237001b24f00b8047b18772b3ce02b92be0e07ccba37c8a9",
  "435e3eae1d004608d2cb7eb03e46ab337a8eb1bcedd228caaf59319dd47dbc4f",
  "4c91acfc99d0cca7b437767cf3072baef3461267feb932abbed385931facad25",
  "619f7f46522e692b91aee22ca14670ca6610f1d5cd2feb83adf212ce594c7783",
  "e044041b46608368b40d8f23a532eaabdb3b19125079396e05440a3e7bc40a32",
  "ca1861af42352b243f3022b4289c51bfa9a058e08c60fcb3f4b5c56bac37440e",
  "bfff3d9dc81aeb3eeed8c2962254b286c3109af27a20aa8c6b4e51525e7d0aef",
  "b939367ec648bf606c803d0b5916affc58b25b3053c36785930502a7f65a1701",
  "829b73c0666bd1906257e4292eb1921161b3570dd3a75104c2e54cf3e12e4d67",
  "37b98948a7fd457d3adf0a13dfc338ed7d781ba946106dffddee5dcdcd5a48b9",
  "d04e1af2f81b4d92d8c30af534974603e59aad1e627e64c8bacabbb3d639003a",
  "0f95f4a5111909b2cba00d4f221e13af625db70f2a4dc376d8a7ed882bfe7f76",
  "d565fa16ff7779dc8bbbb5793a0aa270b4f5988dd0137435a0c4dacb28556141",
  "d69ff15b9541014333806b3908033da3ee0df9565df6224db049ec6330c942ff",
  "87f4b9aa9bc1735593c7afb8d2ea0163d80a93180977f75b5728f5c854dc1c79",
  "074394fcd98997ccd607434cfd8e610b0b40027a9548bb2a6928af85c920338a",
  "79897402e20dafab9d156d252ee9ceb6835bc5fe80294dd051bb51f6821fa975",
  "99e3a2fd7b2f256dd60c929ffb7592518f517355bbf898fff2c8b33ef9784a76",
  "f70fa2073f932aebfa8fbc8739bd7c5cbf8fc94dc807366b726db523c144259d",
  "1db27d37a664f1a124fdbde00e33ee8f948334ff2999f6874e4bfb5313a4eec0",
  "b279a68e407dda05f3072a8bf4d271c9f41681bbf8cec45fe2e45376eeb089ad",
  "f82552dd7343784ffd81988ca57bfa860f380ab1e24a39bbb60b77942f8c18a1",
  "414a8ccd492facd8c7263ae4034a06e87c292caccdbb62d075e35b4dc08d3eee",
  "49482271dd0ff7ce6d1b1c9eef40455a2e04c95509209795cf1f61589bf624af",
  "4c922c80bf1e749dedf60bd12a1d3858158450ab3fa7c101eeb6b3bc0fef4007",
  "db00aaed0d6e97b4025bd738dcf8503c1cb7b4c2de7d7f1a0cf89a8bdf5a2621",
  "2c2c1538b270459e306908702540e38817f761cc9b43f246c8e5c544ad5e8521",
  "f18d3bffe644afd5141b3b0e426f5ce88ca5602c0fae9c04567f79249006b711",
  "16d6a9c486440fdc5b538d9e6a4ff7452a6d7a56e253c72490ffb07a799a1632",
  "96b0f6d27d51b643e5dc84e8e1d7c56213fa0dce13d2bcfb55d021ba37e2a1e9",
  "577777848bbb8960f02f24f39d4c6f299e34624519c9980071f847e9865f84a4",
  "5ee78552b2c788b7e591f12681e7b08d8d0eefcaef5e16e07c656c6daf351bc4",
  "284b64d5768879e4b751da079ebaf1b8f26c483f74d3fea6b7fd7ddf0057aa7a",
  "7c2a4845168369d9719646e0d6f118093c6cc90961d66fe8b4a9178c279014f5",
  "80c889ed471a244777f20b286269994c89a01304d48e87a549a6c111c7280104",
  "8e3704fc10c92cb8ffcbbf39e83da90399c3fc7b16c420d7ac43cd307bd95c85",
  "456911cfc984709fc285a6660ed6ac806c6cc1c788bab916d240a64c36c21b9c",
  "8091ede49559bb226a3ecc0a0d995d17754a0e0f0848b3a8f98f7b51132a647c",
  "99227893b8432e508479bc6e247372d3b9862deafe63dbaabfa10de69edefb35",
  "29931e91ba0f244338a0cba7e30cf170418de8a7297cc85946e6a941772bcf07",
  "84705f3a2b0e8715d9720470da48631e7681ecd4e079d033563a14df22d1a3dd",
  "71942f148414b3e3201e65f059339a6372fef67008084647db3bbdc42fa04057",
  "75ab91eab2c79bfb0877ccfac7490305d2ce9852293e42f889b712af9eaa10a2",
  "51bc583e88f3a59be640e628169bb252803a79d3e107013b2b8cf5d2ab3cc3f7",
  "34727a017790defa9f6728698cc7c598073287fa87ddb522fc3f5f10edd8199c",
  "a9d57c9d65c788c6432b2d8ca850ebc7eeb2863d5099b894b01a4bea942aebf0",
  "822fc6430de6359859a0e310dda72b9ef42088030e42df2e79995d167a9d3f1e",
  "896ba95fe56c509295baa01c89f0e1fa057a9261e6c331ad9e04d4953f25b22d",
  "d1f031ee62aa9e272314182ed3acb3b9af747eb080f9c123a049cf09b9bd2954",
  "9368eb85791450ef163cae70ccf7db442b4ea0bd564fdfb252f390c6a377ba3c",
  "487919769f98abba585acd8cce354fd29572bd8620b7ea5afa5bbe91df8a5958",
  "d3b419754efc7ed7b0c6ad7f92d61745531f44f3c842837e91c8e74cc1c1a1e5",
  "c4e4334d4123330bd6bf4cac1e10ba37bea7602ca649eb03fc69ffa3517c6020",
  "9313dd8c14b4695e1db2352ecb6ca9e09dcb74333aad800b14103686a1fac3f9",
  "f85ef35b3a63631ee8d43c3b704601b2dc3d359a40b0349bbe003e8fc47e95f3",
  "ee893f9428ad07ced53f625becd46e569111737fe1982fe5a5bacd3e27fc52a0",
  "b7ddbc32aaf2b1235277b0138f1ceb5e48aedd7ccf69384321f459cedc6d91ae",
  "c7a6064ea4b79b08ea7e18dce659c12d8149356786f444ce0af3f9417be1934a",
  "f7a5a785c4c563187ee377882bc10c0e347bee78f9385a2462518f3049f8d6d0",
  "9a1b671a919459bd4e0d8c43ad9363d4acb5de71ed2cb41bbc24ab4f1f5c1567",
  "8a8aec79ce748c17de575300c678e3987ecf1eca0fcef3807d318adbd67be69a",
  "8c8abf5d986990af08a82c88626633913c4720ee9816d66bff85244fa2ef22f8",
  "30b33829495ddfa28cbef1257232914466106a8c8527747627432c80e790d894",
  "8eb88dee2fbb12a353fa435c60055e72f589dc114f5e9e437efeb0e94d1b0085",
  "10ac375f2a7ba8b0e3c52c3022996f8b042626f9a0cbfe9a3b7e7ada5b18c7ac",
  "3f106f460ca31e230aade6fa4ebe2de78a5400bc5d6611874714586f2e0c551b",
  "a31008e691e862e67130663da52416c4f28749c60ddf95d0c9572c27229cbfeb",
  "629ffcaa17f2191b84d32ab118d89e3e2160949e194a74bf8c0b8c0563a3a1c2",
  "0ec2c9e6c982d303a0f9fed01c6ac5f7a07f1d2e8709ef62a561e627f7a44fb0",
  "d24149dace783c494f9f08965f0434d1ba5c2425f64db5e3995e770155d6bf8d",
  "6f275915c8d17095024ef93d2da123a09d00989a3d6daa41dccf91bac5a8490c",
  "8f91a30931adbfd63c463a94d86c7b84bf512d6a43cd86155ffb286f41ca80b9",
  "c0536092fa337d1b9f099646a747b84bcb0298145fb7b05277210d9c3b2ee5c9",
  "e134ee98a447b4340f876a9678da7c8147ebe885517365d2f5260611ffadc153",
  "0726a95f960ee225b87ba268fb5a36beaff4fe6bb4b5314a4c7bc8d8f954cc6d",
  "8fae20637e7ed3d19cbe8396d95517768a93f83f88c025c6276d2b9d37ef8abc",
  "87d2e8c562c78c063ee4cbbd6ad3b4847aa468f29c8622208f50c8ddcb569f7f",
  "1486817d8493a1705e39d205fc9e32db621eedeb2c49ae8c7746d302ab4a711d",
  "51961e532022318a7a115cc065a8215d8b10a8a62953a16ee8efc13c9b703d30",
  "b6f672d3930a6b8851d99f23cd89ad2e2cbcba8db47b3fd9702d88486b717e88",
  "b4bd1a74ce1a3517d047d371660d17a98ae4f67d0bc3548fd538b1885f458fc9",
  "0c1d5542f3f1e0bae00e3c1387ba2bf8da959a6a7e39e64143e742d3e40fd991",
  "20298e64b054da9706ef66986593e15e95ca3cc48e37eadc847bba3b506bcde9",
  "5ed459f66ed52bc4a613aa6622e047819de9ec607fe80f13bf3eb54b591bbe14",
  "ce3fc97c062cde3e57addfe79ad0ed1a27a72e40792d1ab71791db911985a124",
  "f999eca8241a0433ac4188e4733fb97bb4cb7006daf6add67c7dff3f864d4d14"
]
Wed Dec 10 10:36:15 PST 2025: Mining batch of 100 blocks...
[
  "79c5539c3dd7f7f3f3eddb668d6cc3652f21f74d33959af5afa5814997740c64",
  "a4fef4c5bfed546618fb2553eba6344897225882884e4efbb459b1191b12dcd9",
  "c7db5796747c16a776442c069d31f80c4e020477ea32d33f1a02827605caec49",
  "543a438952c03ebfc06b01ecdef29bab91773562ebc8b0f28e3b8b278b965d18",
  "035eae9d2e087c91e8cca74673e078645627813bc3334d3ad3d7ce6dd52fd01c",
  "66b0f6122b3f1a91d77e0d2d0404be736f3f0858ce8bfb9434d2a6bb401a25b4",
  "2c27718bbf8f48e2f647a2dce3fbd7fa8eca94aff7edefd24f64b4bfa579909b",
  "5c9627bc21a25c9c134818f19da426a65386b906fda419ab14e64abe3d3af136",
  "dbba0d427b8e77d4e323a74060653cb864f50847aa9643771166f02aa869a110",
  "3a8bfea42cc633afb564b5ca23d0716cc1d710d5bf3a15d55987fb2f2ff67dd9",
  "d9450380a1aad4f13472f1a699d05a8a307074a06e123cb470478ed6c4cef268",
  "a2aa367549b369c1ed6e4c5208d3dc6d5881b17fb513514c80f8ab644f8bc7fc",
  "3d8fe3eb35f0f92c30487a0de501e67b3f2ac466f6c85b159302a38f86d790e7",
  "7bc25fcb4760e40aaeb50dd38f4e0502400091037484030d9ec684d5941b7c2f",
  "53dac89315edfd04d27655bff6b35592767387bbb2f02be9c9935c7456a8307a",
  "1c7935a2bbf83417a5093aaadba81f76d2d1b564fff7116ffe4142875fb12a4a",
  "c5555c4a5e5fa6417d40bc78f6e9f3ca0a00d6d547fb528b76a0edc4f5f08adb",
  "cacfdb236da40a86cde06ccb9320e99ac4264b40c33a505c3a3f6286f21b5db2",
  "457d404fcd952db374c99a1e19579e59cd194990d37d30f3f0ea3af2e520f31a",
  "00d7ea03f2a7ce816987f6de783595109e1031da59ac91f1b4571bf78966d275",
  "79b1d18131c136eac457d39c436005d93f9149a19655d99a709ea7be79826c7c",
  "1bb445e763a4638e8c5addfc0414a14d0b36c39e07fb07fdc26111b07ab25000",
  "9f6155736ed8b1d81d83eac3a0d0424500f5f84056c12f00ecee82878875102d",
  "8986d0eac947edf47b8a2d8e0232af22095c83f003e5118e54edd5d3a04c31ee",
  "84bf2e9606e9c01e5d493f8e7219e919966aca4a78eed308fb8faa8366f43e56",
  "4e65f1aa202f644f30cb226fe81da9437ddafd0c17a832c03940f0d7a578187d",
  "db8f46bb77ab9f10d9210e80ce4cf2d9ec0f1d773067aa69f4099c42cd8b854f",
  "982ae3bab9b7bcbee129491937122b0d6e09c8f2ecad8a9ca278be88e1573f57",
  "3c7c90dd706829b9c5af9c3a9c1add19fac7bba9557dee0cac484aa6e0c84364",
  "874bbf74d77ebb3e3766922e2ae9fb05c7e4931440cc678e6e8f82c0419ad521",
  "77b8fc25197190a05fc1e272c9775ee5a34c8638fa635ad3078f7be90697e9b1",
  "8e3b6521a93199398589450fb2c796fef8e37799f09b0bf3984896c7e153ebe9",
  "10fe032b4685cace089211854cc66ca615ebfda29685a6123aa914f68c996316",
  "8433062954f483fcf1c5cd386feed0f4384cd9add3c52f77f43eb306bc5050b5",
  "1f6cfd72b0108ffa94e5863cfa530e4bae875235ee376204447a0104bfd40615",
  "ec6814f04d67b1ea94500862670d0a9541caf68ca62a3aa2ceec4d7125f45b2b",
  "25ff703396b498aec96da879f69e94c19d4b75027a807b190558ff3e328503d5",
  "1a3a48323cc03bfd831cc19b602cd1883533ab2737f6b817c6fb45967655be2d",
  "4ef744fb4f3b43a2fb9b0be8bbd4b13e64ef6fcc2e64c9a3939b938cb3fa4952",
  "e9621109e97390ea3169a42c7aaea75b16afebd3275529535e3f63881dc03376",
  "08f6724b5fd6d0ce69f40cee408af75202af54871067fdd9cac152475223f880",
  "289fa15e20a7d46145837446667da2738616e7d42023f69b2173441ecb9f65e0",
  "cbd57db2ad86e888b3d62d0360baed489ada0bb4f039e165ffc65b885856c07f",
  "5ce33fcf76584362ef94f9eb59c1a0b6b09b7b02aa2bf54786659c4963ed891a",
  "4fee8f30f680ec5f62df5649933a6dcfe62fca4e891e8a470f2b4817ca3c9861",
  "bedde430240aae9a52888f35a95379b7836817bf270e7489c407283973e200ed",
  "529226f66d6a73a4f5fbafe4806c2ecd88a6dcf1245ca4ff451434e8154f24aa",
  "dabbf0c457e626bc6042cd7e0d3948e0413f40c2d5c31d79fd0babf1b2ebd1c0",
  "9e41de540bf271c0505ddc21a00cc02c083c213e6738d0b6434a318a8a5c30fb",
  "db0b271d1cae0591023500938030dd1903b79dfc66180b5e40b820b7bc2d072f",
  "d447f4ac0ebf9712a2a7a7e0abb10f9d1c634fcb4c9c0c8746b2df7f4224471f",
  "ae8ae525706cb90ea420079e9238ef57c93d3b17376c57206311744fa6ef0d93",
  "24dd4bdda5217ac9157cb02b701943b6673577432d72221f215e227c9200bb9d",
  "d52d8127917b3517eaf3bdc94209b4a619849d1a2298b70d55d0f0d3ffae0e9c",
  "7300343edee64d2aedc53185f6c0a7b3f7db1fba7215f91d36279a7896e1af71",
  "35e4efdf82d0ec99d012f61e5717a0d1f8ccc58a69239b26e7f895aa2a8e4829",
  "7b9c7da352e575732ec3a4d42617e1712d65f78b6597e27fdf368502958c9800",
  "14001ee83cb959dd91181b2660a8b804e563f57a4a7ff7660fd3ab798aa19a1c",
  "d85d12b4d8c15590cebdef671cc0fb8614aa307e3686828c581ee3e7a00ebc75",
  "40653cb41f8f8a0d771591c92a62ed80beb56ab2407da164cf425ba28dd85468",
  "c5a6ae23ec91ca1e08a4b36259b297817319d19d85765b51cae5cb6718ef9dac",
  "e17105413117851f0c5133afad3db115373d06932ec95959d80a30b667f2aa39",
  "73faed56fec603c6ed0232f15e6c9a006f343cfd7722de5a2757744f3d63ab49",
  "5c8007e35245b87e476b8d7dda976ef45c68f802801ea398bb2526b67761770e",
  "687a066e20a13138b0a37ae99e83d50d6287d42d3143999ac9246482e0c8b9c1",
  "aa28d6be3a3f2c3fd8282006d02a3b5f3f239a315ca4265be152a37e3cfbc840",
  "4af65f99cacf418e6757af11f739a635236d27f8a3954fe3fb256b297d5864fe",
  "e4dc3c40e9c8e443a2f4a3a982af61d9e4f57ad540af80b243af343631551146",
  "434d7462690d0016b06ee13bb7ee9f9e8cb32133a70c5b9e5873487fdfee5ab9",
  "054ce2843879f6312af392feaf134b45376119850b8ec0aa047c910dbbd9c264",
  "0c1c648d16e35e7d47481069d95152f06f982b73ea7694a8a4630925fc34290d",
  "6c6403f84cf2d9042c80ea8113964ffb312715a14c9d1cbb74649c3c6fcce6b3",
  "6a7c45d64c6324032b08c16f990bc46e23f51d5575af2a622c8acdd92fb90047",
  "2258715002c5371949392e4cc464950bb026d76d39b415f38a7ec184c196f11e",
  "3ddf433513745569ede45e7cfe82a597575794c8a3b8888c1314b6862ef90cd6",
  "a4cb927ee1ca150078c693bcd3902871d91eb0bd02f2953db6410c750d242a75",
  "c62e2265c561e790cc89e571309c73fcb8af10c084da7f63563b99ea7a6dd57b",
  "d1d0bfbc57adc214dccf8d19400dff8cfc8c69c9a91befcd857b01e314875561",
  "ca8b7b1dffb3e3d1e66e388fda3d3cba92575940311f9e1531c4eef000834af3",
  "cd57c10d9400447aa7f81c0b871e4d15039a3983f7608554d0ceeecd76969721",
  "7e75b78bfcb710a36d74ccfaae1f4365ae695f6f7a4fb81637e0fbf832bcef11",
  "2d94995bc3e300ed519d409d0e2b051958341e6666a154349f3bb133a8acff35",
  "d0d7d913ddd7daebebc52a57662b61685e817d009ac5ec8b57529a65b66b7914",
  "acd640b06e851606ae89510ff2e6290a02bc800203ef33e833010d3deab4df88",
  "4632149acc2b87d96f099b0bdf4366e89548a4d36576ceaf15900ef2bcd7a982",
  "0e0f6e68f32785dd2250a9841b0734a5c333c10d51cb74395ef1847bf0f14443",
  "ea69cd0f96dbb1e45b283b81c9dcfdd6a75ef5ba996f6c428b2ddfca1c7ca471",
  "c9d55102a65c76eff80e300c66262edd953c5a4922d36e0e90ded3d98d246135",
  "b0bab22433dc76fe11fd3600c8526058cba65583c8c559362286900a5d798566",
  "9f72e36d216926fe7a5f156254330ce9e8ea66568a1dd619c5eb1ca7efda1d98",
  "88e6d62fd76dec5806e75a5d5c2e2715efe705636f90835cb4213403016cd6e9",
  "ad55db35025e43792f9269e41fbed534e1a45ebf7b3eb7134084fdb15c8eb3c0",
  "2ab84341446fa792b9e24f890acf32c716104af4a85109675a1f463efd5cc644",
  "54a3ad404034cd86a508a2de88fa117574bb986211d469d8d4d95156f4e72f1a",
  "de9e35dd9d99d012f2d8a90ab02be394efa7f9021547fa1f4dd2a65c7824432b",
  "6c74dddb067a2c0a42f16bc8587fafe1b770b358a4af05067ebb5cda3744027c",
  "fbd2c20c57d0f4b9e519e06ba1112aabfbb4445acc4d3b82a00087dfef815836",
  "5d3fe4309b5c90cbd3789025847db6d2722634bf20a8a282b133dc1dfffb0895",
  "6162a11de29b9b1496d4153f13de9542ed9013937421c94a470da38abaeddfca",
  "510c636c09e3d29064686793ea50a04c7b1890c2287eef1bb4d74e08d00012cc"
]
Wed Dec 10 10:36:40 PST 2025: Mining batch of 100 blocks...
[
  "0e2d699b88ef86739681892c4c7a4a5f902135d270e1da88759a270b9160d743",
  "97855b6d2132f2786dbb320c9a0fbfcc9c493dec77f7897ae979d67701d8e4ea",
  "4bf4a015f2c5bc7a8e09192f3f926c97f27841f5fbd35e330ec82369eee10e8b",
  "7a9d502b57d0422d34cab08db3c20faabc620a49f972da9a31f323f47dc5d280",
  "b2b4ce515fb9c533faf6d3886a5b29f1a0261e39519eee255b76cb95e50f7b67",
  "7cc6ef2be4c2cb020b6dfbd816f7f4942b94495d1a05af99d5f68c0f7cedefea",
  "5b391c2714c58bf39714baea4f370e48257669f8b19b4181a93fc631cc058a53",
  "136f00581b0bff2158a2665c54b9b3c33285a0e351d18f2f686d83f7f5ab8b9a",
  "5ca20d9e49afd883fd917928a76face5d2e7faf757d2a1d2116cee4ec36dc80a",
  "005f14e8b5aec74cec76916fc73f36e2bb7a508f023c853675c5b118377b2050",
  "536f2c56f0ff7b7a9cbffc77c3b547c0b2d1ec50d759be689dddae96f856e771",
  "2b44a0d46d75a0052b53c88699b074c648178278cc0bbb3215a1acf23b0f870a",
  "3ed8b7d5ba88b8996903f30930af3e4e7417b30d9242b5b87b758107577e5862",
  "1ba1b245d9913ed80ee7455963f87c46a71355d3a7fc63c2cc94d0f9adda1c8f",
  "9ea8961495dcf1487da21d692c1cf43889f4757192d56ccafe8603b06e2e6f4b",
  "861275aa16361c521784e961421bf5a7676f304c8c04e90a4b1a7e459a23c6d6",
  "bd726c5c1ff31d11d8e56827a60ca0227070c23d057c910f67eafa33e1f771dd",
  "2698218576a8034d3330ef5cced0d6caa7eeaa2d83e9f0ae0f955e4b89a3ff02",
  "80317a95875d3e05f82ecf694d9a00df9d4e58e17af361bd3d40709f14a65428",
  "f46929d7aa5aa799dffe9007740f4fb90be6cebe6999aaa2623e5763ee5ca1f0",
  "647efe06874be11354a064283c725cd94651458b2c481c0ead08aba91574fee2",
  "c192bfc875c2e4e388731e58086e9a8f585acce12f331b6ff1649cbff20df60e",
  "4e9d7564de91e3e0bc4e2c6504b4985086d844432de5c17f28ec4ce82f1f1601",
  "6a92fdc784be30644438183dffe60e6848102b5478d2aab3598642a9ba4a0265",
  "5d3febee60b708cdc61421050ff5bf650230c8fcfb4ea6da680a5c6d08f14b64",
  "43a7572df773d396846184cba7ac4b5428d833c028c33cf8c1b9ce4326e9b58b",
  "4c3fe681461a4713fb8ced51b3819759f75f432bdeeb31c12bac65376839c744",
  "400dba18e204780e6ea9bce52ed2ccac935517710b1476686544de9706fef673",
  "9b57372e7398d590d8551e215c721ed27794de905429a0219722039417130ce7",
  "34ebaee6367266fa90fe65307cdf2c5b1c50da2ab2a8ad73484ea6418acf627f",
  "d74957785287cdce6716cdac157119cb6f5d114c57c9dae73a34cffc91d47204",
  "beda6ec3590e03250b59135c0e604501066d8fb7a9d4e08e93a537f32ebc21d4",
  "2e656e5aa400af03e61d5ea612de2a986e179f87e9563dc8aaefecf4bad9dc65",
  "96d0a3236cdc06fd7afde015f5202ec3f7954c979f3fd32ec528bc71c5b4ac8f",
  "b0abb50d750787f1f278521ab795184f77920d8afaf71c13549ed76725b6fd3d",
  "23e795aba8916a66b6e8daa14ff91cf787f50a7e3f912f78d01e497c174a8a86",
  "360fbfe90f307442cef1bc299ecff468724889874529fe28c3cd7b3084142b96",
  "2e481aa5ed2e49243c3014044906040e24370711de7534e53ceab4e23a73c57a",
  "2e2cb7086c8e05ef25e38dd02df1fb16ff9f52124846717f11de1e0338e0bcd6",
  "eefc9fe898d62f94c4d13a76370b489e07ca6836efc6b6eeb2dd6462c08d5c9c",
  "ba1fa422de5658d91a3b8aac98854f0c393b7736bfb355e5abd3a8fd37e38bd6",
  "7cb5330e660bef6189f7e2eae2ad89e4190285521f39c7c844f0e673acef13f4",
  "55ef627cb7db8551934cff7e78df7725682b1e2cd28cf0c0c76464f86e949cab",
  "e464c54fb7dd86c5d6c46400cb225a899198691304956872b07a7b1969e3ae9b",
  "dca3e379055f8945871f3ed682ca253edb34ca1063188de6be8f45080e68ff05",
  "5f4ce7477a269138bf98d5e08a632f6711d335e6769a8e6e1dc1d162e5324777",
  "d35feba0b2107dae1ba17fcc0761365fd2d7abb21f29ec58e59dad6734249c01",
  "39291cfe2879194bc64199bcfed45c54ac58993913724143cb559778e11dadd8",
  "3ccf3a6b0e5e73ca65bf624f6257e214ac1e263f840975d2802c798000e66382",
  "98d92d8883fe3b5091956ffebaf8c7fb0db7ad70855cc72823afe93da26cc627",
  "a3b69e32f455a6ee6eed82935687df88e6529002fe69c3517aa01a8c3214c34b",
  "11451df0b69fd6e9e656993bf875159ef38257b42e4caaf4ae0cda5b183a9c8a",
  "60d20b49857097829ddd2aad53741a6e122a0b35a53dfdafee16dbabeb437cf5",
  "087565c786ef04fca994771808400531c48042df8fe17b0df7b022cd8c953486",
  "5ca74f153cd4f340ff27240deeccf88b218d03ba15ff48710b5ec08467b2e4c6",
  "af0e7bee12a4313c9684b947228063e2cb6df36994bb24e9993ef005245b1f23",
  "7d172fefe45e55c04a0e9161f6bc57b17187a16548c5927533c3543826821669",
  "0cc2729b1f82506e3b3fdac693e92a95c12e34c6cd6148c31b6ef787408c3671",
  "4592cac4bd578ab8351987b0a72f11826d3b3a74a05710b0dfe242667167b11b",
  "bf6f78533bf3f957f16b6a20ee6f97f74c67ae4a76c4531a6ae10a26e5edac38",
  "14fb4632d834322c63f1ae64c577922cae5b12e1e76e29a8ad4860c39c191c38",
  "6ebdc0aa8cdfe38b4c5925a211fddbecb26c6f9418a5553c8b9b7fd1692d466d",
  "fa80d068db9dfc219d981bb14432712fdcd9b866671e01a5bfd100918e13fe56",
  "57619d64ac3bdf44864a6686072bc37210b22f91cc46fd9578158aee89a74f08",
  "ed817fd7da8afe14f3db9daa9507b229773501110e0157423667690a491ccfe3",
  "b2f547575bd3614b16195fa1a037fc4359134119528799239a5e001be6945935",
  "7d34b66bb58c454211b8e8796a8fc9809fa5b7903b97067b095dad27bb984f52",
  "62eb8f7e257c5491a3e582c118cb954211748b0fd2268f787fedd33038635deb",
  "1a319053ee4cab57b3c4aed24a2867b8bff4b903e213662c7f7d6193e9c78774",
  "13f5593136f9c2aa927bd015c76940e108acde4f6fc6de703f8d6766376b8393",
  "bdbcf67363657980f1fcea710bb6c5443dfd006438ce8b98f09f66191a8b8e52",
  "585b0759671fbb5d416bbae28fecf8bf1bfd9a75a766a6ea9c578efa8e357349",
  "41d4e440df438c97b3314d88887c1d706a6a4a18326af58227fc29a925ecb824",
  "ebfff046568cde4c417233c0d19fa4ef786ccb50d7db70ce45b42a6902d46e2e",
  "b41024f64d7259e123fed4fe9cdcc246a08f5b8c51b3de0d4180d382b5a3dbac",
  "71ee858ecacd99ddee6a0a4ccd439e83c062b6da4cf3caf2ec9768f48ed55a9d",
  "7f532816e7f24d4ed3e8c350735530725380e737781fb1bdc1bcb1b09b5266c4",
  "d9f0dbe7becc89ff9f2b85381ccd24ddb4e7bb020c013c10970d3e4bf3679981",
  "2d4bacefed2f3be2c02d319bdc65608494b81ccf38339bf00e68d5e8b2c86808",
  "dece83867cd17b3ecf299c580ba5c842b2684362ae48de56a190c12587e2ae74",
  "90d36414fa01b9293d574d850dd33371927a2a0118f7db1c042d0efd6581c6dd",
  "36200cfc6d1f11ee8dff7c854b1ae3f522980d24148f8ec50ba5e4375a347337",
  "612fb048f71bbb50cd3dfd6346b6022d78f12744cfa507f1a842b79ce41b615c",
  "26968a78fcea1d85c12f2e2c8e8ac470d42f20bcaf6ec74ceaaf9440a33d6fb5",
  "81f474fb72ff2749ba86e0c26806144711180d52105275d5d7a4f6ff4c478adf",
  "8e1828947ed540e381d89a1898a106f1208cc45bab3c405f0a8a82c7cfd6c520",
  "5ffd86b1c66cf0a10c620b7d904965e9c9d8e20724e0b74e7fa0017fa76fa99b",
  "713172dcf459b42171feca6ad4e321af8a3a5b54e7208eb965e77f631b4181a2",
  "1f8ed4379d3fe70dbd14f5d422e5f999089263be07a02e30a836a4f091868d78",
  "18cccbbf8e452f7bcc42471ec11efcb949ced6834558c051777cceec6b119b8a",
  "47b84a9e97dcdfc89e33ceb29dacb834a5b5ac4246ad50e502b3bd45276a718e",
  "efb274df2c7c8a99d5fc0bbfd38fc944a0d30fcdbb1dc5763a8b056be95ce563",
  "12f1b912a331f695ce0f8543870a403b0b83edc8c5e0819e8b39d47ba65969a0",
  "87cea990ded8ff5b45b5611598c2a8d9910741dce7a7706d26f460d1bd049f84",
  "e40e57fecc217ef5b1bff8df51942d0e3db2dddf557d588005d31e4aa07b6f80",
  "5d510d2fb6ec46f178592d7f3f9f37d16654f926e59d6c57f2be7b10903b6b0e",
  "f211b0de0b960a9bc443f93f92643b938c1010d1328ade1e13fcb2f6882b4c7c",
  "4a40c4138353ae6bba416e1226bdee43683cfe1d7c97cd26db7ac4ee8b9f250f",
  "a6864b7c5c59591b95b96372c9530f8e605553f8cc88cf35410f680094dcf2cc",
  "352c09e9ee6a8db89e0b0bed90a4902113adcc0247560ee3223b16647c720b22"
]
Wed Dec 10 10:37:02 PST 2025: Mining batch of 100 blocks...
[
  "ce4c4b8bfa6847daae2b642c83cb25ecd5bec6e2c52dc2b710c52ea8659a638a",
  "41fb489be36d2771e3572c161407bcbcdac7a87cb000acc750c209a5ca41747b",
  "dcd096aa7657559b66f1a08227de549697265236846c9e29ac340b4e1cd2af87",
  "abfee37efec80a70f250c71aac5c978d84fceb9c979abe97a9cf030942a16ec6",
  "9ddc697199019c812bed6f6b7f17abc8ab904a0bb4d5412712e658d79b139962",
  "935ed8cde057a8fed05962aa312d3dcc806ac27a6845cba1e6de4aa3cd06c036",
  "fb7d61b164ffd66b5f532819dfcc2c0335036ac4a421a6bc76927239a1af76f4",
  "53127b90db26f8ae5204e583f73da0087c1487965346b244895cffc65a943e40",
  "d007cc754f3980783f8562887d629ce5ca13fc9d3071a83aea4ab84b77e41654",
  "5fdb55378faa11a8c44d7fad3cfcc95662a61dab052a9e857a3e82bd38bcd9e8",
  "11b8f15c22fae0affe7e1236cfc2c9144571d348c23d281d6e01b5db222ac16b",
  "1baf9eec23ce9231c51eae82317a2ff0f91f344236d1c0f0d17e693480d0c2a4",
  "260d6a9859e69f65ad931ee2f43267176dc5888792c63ca4cc92a7b94ddf2299",
  "7e25cb68c54fb1183f1a8751700f73b1b9ba4468afc25e573f2cf8fd3428cd53",
  "23d7287e495c2945dec73e43cdeb002d0bbe59f0a499d8591a35a4cbbc11c308",
  "54f192359b55cd7178b52c8cb5e0a617604bf2843c4dfe46e678a94a6b9cd6ca",
  "922d2bac4833ef745e43ae25faef03b8c628e2ce707bdccf54befc0118d774a1",
  "16de5843bcc8cb0899741770d7c8e55c2fc030af283ccfe72a204c2af93f1d50",
  "0b5f1e256f1617a6913e33bcc02334a570eee257f17353b5bd279341c2b4b359",
  "e684416626dc4a8d5956c8a557cf89e2bf9496ff6db40860f00477d5bdf6793f",
  "ed37a4773c2f38f1a2c0b66b5ffc02e9d4f57bb8d062c25e7772dcfe7f71e7c5",
  "2db588c360ec494925a579ecba37a8273f3b826c63d7c9dd04fc928eb403aee2",
  "27c45d952b5fb549952b42d825ef90ce5617aa6c8ba50213fb8c37aeb23b3d5a",
  "ad9e8fd76ee9d9af6788fde7bae5a2b1dc21220a8f54534dcb2514da0214f321",
  "cad674377b707f2f3f5ab4c6578b71705a5b60dbd575f0b6a1f8a5ee723fdd2a",
  "4de4b473852985f00fbd244639eca00302678aef0bcf2dc75e0f9d9df20adc37",
  "7edcc67cd55a7b67239dedef9f58504dde52f38c2989b223c4ef9775d3409475",
  "06d48c37fcb071f39036cb6c6a8261e336f55e411505185d49538e0524757c1e",
  "0627eb4a7dae91ff636d5f7e21fd9335c3a99d9ca6161afcc346d5ae6bf46ad7",
  "7ff310d4f4319cfe6101cf0c5b907f512b0d91b4fa9786bd55445fb664f782ee",
  "8fee234efd8f988c3e9fa13ec8be68991c440fbfdc88f5610a79bd0f90be96f4",
  "8a6eca3e2cf0d76f2349dddd56d4a09178781102fb08c5c8354c54073acb902b",
  "253c3278f1b208d3125dc50b58e7c0985a1335a173ec1edbdced48925adef3c1",
  "a837bd402a7b8a775b925b77a7ebdfdce076b55ccf5afdc0b411d9504ece875a",
  "4a484b9d7df408fb9ac9d9137890b22ffdcd674241fdd7e60fb5f7a4fe8dedcd",
  "e0ffff06439c018901acffd87d1ead72c5d016b57b744e4c40bea7edb77730e4",
  "1e2983c496920345f3940ca58cfa98a1b7214073f9e66eee91df37389a0fe877",
  "29a50e5d1636f6b2c781491e72868c47b240eaa7b70a35cac3759833fd080de9",
  "2a3fd9bf1a9746a9551362f5edc6f2df977eee37ee40d466ea5e8574a761ed68",
  "2557dab4f0b92e9c59428b1646158f39be6277c2b76d5286c651883ece10037e",
  "f52d38837c19a7f91029eae78aedd141b26d6f9e879315e202c892e6474a6971",
  "f304f9d14e208e08ebf302204a1f1babff23904ff5df1022b895640df96d0875",
  "d050ade667d28d2d995e35bb71815ce08a87be8400443213d1f275a3373c2639",
  "d4318e764aae7d904d61ef6aba47261273996e4b372868968d147cd6a8ddae3a",
  "b68f6eb58320ed9f72b4a2ac05326377b49ebe43203919f9b36678f2f27e1bde",
  "29b327489ba87d9c28acd2e24f46f8fac9403b3f5443db6d3f78772919fd1198",
  "a1dcf13f18dc15a516081c3bf64496422b0a5a092d914be0df9459094e10e998",
  "741f35c62d356d2953486f252cb698438ec6ed8652e4c29162258e879114d108",
  "de9b60eb36138aaba78e1a0046ecf74585c22c7ad26f1da4260a8bca94b2f45b",
  "25dccee887b03139cc49914c4319b1da54c47290225951afb4a6ac2834d1663d",
  "46910c8657f93c464aa43e8ae7a2f1f97f3801c20efcb041554c89d9ba884ce0",
  "57360148bddffcf4529c0c7007204c8f6f8a86b5c9e0f8f1225d0660713ba91a",
  "458c51e3b6061c82c20833ef36fdfabbd1f35cd2c07503c17856463b9969db5c",
  "d901ce533615c80ae4e210c03f4d3560551ef388d2fbb568d1ff8cdddacc01b4",
  "9a88ff8d81f6f5d1e2a1e77454fa4445baa91a9cfff17b98ee86171910dbc9fc",
  "3a8b067d89b9c9e98a5feebdc2ecc74d824c4edd230f97739c5e51da194d0320",
  "5e880f2a2f13eebeb89a73f9456d026861a5812ca7eb39f3960a491383b3a160",
  "cb006de20a4d1f3503b9c80aede4a95b7edbe920c73d6eeec8a9337869753f0a",
  "28c7478178f24ed5ccebfc2ce0cf66c71e8f073f14fc416cb2fb51b287b4fa16",
  "d42af111783997c934a4fc3530a0ba0fe0e70e2d6549613964018f80e7ea28bc",
  "ea21c2e5f02b7b7d81b09ad26990d08e47d83020714a3bd3fa6e32b38992a3fb",
  "afad34e6499437d5a766aa9fb51a726b4aad67b1e9c7c6ec967a6fe4e39919c4",
  "fe720a15c28c94e40a0d1c010d947bbb92a4f5926cab77e76940c669c095c5f4",
  "0223aab8754093aef1643bf3cb28f56e12d42e1331bd8affa5912ecf162f65a3",
  "2d78cbe3eafde03e52f866c2e3648d0c84d77e9aa6f3ac4159db8a5af5dc369d",
  "36b516aa960e8aca9e726d9830aef1b8f1cc4cb97b9453572aed4a79bf4ef337",
  "d8169db135b843404d7e0db2ebe4029022cb41e5fd08f55b8e783250f7b6f8a1",
  "890b9c27bd24ad04140658842f98adad18e9f079f2558521e964236ec612401f",
  "98379455b6813265b67e02b7a19d330d5355bc7811760ba09937452f4bcd20ae",
  "1ab2bc6aa1465fc0f49c93cadc0ba1379826249433c69f14e45817c894082d3a",
  "01cfe42df8c5a23614edde3c5b2160018d5e52b7fdb0d0a686e35daf1666cf72",
  "9ce177309bd7cefe0af8ff7b04a8a29b97001753c48640bbb757c3176d3746ac",
  "401377d4cb7bdaae35c28a7a9336cc8487c3289d9b53e260e6f89efd6e1a8b67",
  "320581ec76accfc57280ec24433e9ab473f27339fc2932b09a0fc65a94557d6b",
  "714a3a8a752056e1871e896c889e59f17fae769ce731ef3f005e9ae81844dc41",
  "c5dffcf23533ee3be6167e93fdbf90167e620f66306968b85feba06495bcd6b9",
  "a45cc4885d553b8edf7c2d280c36bb2164eccb366496b8fa9f78a0d7322cedc0",
  "914bc891bddb19826f4e1ec828da15d40561e5d7f15b4dee4a39abe364809e52",
  "63d5f3e23bd2f9afdbfaf50537cf7a9f78f4108c4d76e411ca4efb2293dc2ddb",
  "dcffd9e4b8d3b45677889adfcf5de485d2da036b5797723b56a12534eae9dfd2",
  "f6d7e9acc699743a6a1da59e42bd8ba411f6496c2d2d2abaf23e319654dbadbb",
  "7ec6c3d9cfb6a1d33caa11dbbe65f8e7b13efcc868483d0146a27743f7417a7c",
  "a87c9d79192b56666f5d12ad74e6edf2e413c0c2f0f322bc29b8022db4273755",
  "006ac9e4cbd5ce44207615d17faa8017b11deb9909543ec0c497e1eb57ee1cd1",
  "8d5f3d33d2e6e3821cf7178817a0001125a5f8a6cd2713c1b318e6d36ea8918f",
  "221b35b5a0773c2c8d3481a112b0e052799b6051956ea607bfdd13ab26d26f35",
  "c2c71d4666469aba29626a5a993cec703a27646bf48a56286f426974db071871",
  "7da7401d68641d4a340edf51eb6e6a21372c5d59a5ec870136fda9da3b315065",
  "26c86bee99e91a54e79b433beb5b1f1df58aa264bdbe915b2baca8b2cbdba4ce",
  "c0a18a7d69cc407748c0651ce765e8b2ee4d42544e059594f3138fa663284b98",
  "e432f2b6f83c1a03a907d6f01490acf526d6e1f4e38ba37a015c241c87ac1c95",
  "1901f6feafb040e14de476f25f438629b45afdb61ce055811a2fae2d1a096ba7",
  "e7deeda789babfbf13f83ee5b0bb2247503650a1d3f2776423ca9a19cf29c0f0",
  "950fc1d9a80aa646771270b65c91243ed08b882a9329e4dc9c85c6920bbe920e",
  "be9a2bb63b87c93f5aef4196d296b77058076d502e367e9eeb73e6eafff78501",
  "963299214a1412441e7c49e0a78b6a83bfa3909965e08d2e50079321b543cbef",
  "1659e7187929171142281623d93f295c5bc59fa174ffb4bbd8d76e81490060b7",
  "035e8fdc9011c902831721244c349b027d29caa41444c6657f2b88e67d58b262",
  "136be89b138984872ac92be49f9df0de9fc7bd0e7c5342f101645c5f57287d14",
  "b2c18a1b8f379a618057f767c7f5d799cd92d03ec1e05daf8a0ccdd6fb8cc654"
]
Wed Dec 10 10:37:32 PST 2025: Mining batch of 100 blocks...
[
  "098470b3f54c10d040e150a702dd0dea64f1bb9038c31522d0d336dcae202a53",
  "aa5fdabb595155d4d9d3a800405c897832e8915e8e59b63e2446b295ff1ada7b",
  "fa1db82efa425a2657775dcbbe35c98e5eb899f6b7cf89cc9b9f9ec622e57294",
  "4cdec3464994def7696e03b1da0625128ead06b7fea454e864d1371c06bfa023",
  "b28bc1bd6bd7a0a4a07e506049bd6248b81a8ee4c84aa3143cd137713454f705",
  "5f08b5e9ad85b00ed99c3f555265fff82f420e3b8012e4cb2c5f998c84c570c2",
  "5b61e43132581bdebe68ebc26a5346f3d272e1a8d4aede2e6ba1cfc7b57a215f",
  "fdea7e225ed84c250758d4db02b7f7ba43aad1d1fd5fcef514c2ccad6575541d",
  "642848acf8481d2a562e6066b34386068115b08a5c3fae75ecdad520718e9553",
  "0d01a295903f8d5b06563c277e3b42d3f9099fc745eccbb58e4a3ab1dae741a2",
  "5090b60369d5f8acb9e6de450da346b9abee5f4b4ed6270fe8377455add02c4e",
  "c5c70990e76f851da65c6199489b9b7c8c7a45c89244a0a9fa2cdcfbff6a3331",
  "654e890f111d9becc38d0452ac161334522c7061b7bbafbb780cfa9b50c5c569",
  "84e7e24147569484786c6ea984bc429eb271af6f63391d3e81c62f9f0602eb4f",
  "2f7e941313a186c45a8ce2650522daed8db44ec9e4bed9aab9c0ff065673255e",
  "db5c55babc3f7c66011a0816fd91b5c08f872ce1e0bd5a0c41b43b543cdb6860",
  "53ba211be496e4fbb012c73fd33ca331f548c5fc95f0d32f5dc188e06354edab",
  "117241787de1c64c96dc2609f01683a88d2084b289a1aa5cfdba8748548f3a33",
  "a90c20c283c81a017df8eefdf44a5da404c159e7fc222faf44b8aa0fa71f7dfa",
  "f785f62ee0fbad7daf19fba8459803407d6a17cd4b29ab027eb1018d588032c2",
  "29858a19c1cbfe6d7d7b92deec2524b518b6b047ad12e2e4e2ce4c3ecceca418",
  "402239f88d5c97db21e430c4d4471edcec9ad078c5443c3558badb13ac70a894",
  "2bbf9c5152c98fcc55c28b24cbcd68bff2459b1e87751fe43d039aa7917f4c31",
  "248f1e92ef974f1dee080edcf2af1edf28a1e11eba3ae1d679d61b93d5b32057",
  "bbe267c8d508d15ebe246da6171af073f5397ba6bc86360c4908e231e63b9abc",
  "5f595c55e4dff001f8809deeb8a1071faff8b312e21ee76dec33f297499a992b",
  "256fd913667888b69ceee8aa522b5f83fc4db6242cffd1f1705cd13922e65164",
  "327610f777ad34807e505b5d99d4004ea9211fd96394502541875645810485ed",
  "011893933db3417473851db63b13bf66deb03baabe5cefddc091a8522de630e7",
  "c1d33889be87d04124042899e2e3a4a1fe45d5e8cc81ee7a9a2d836c0fce96ad",
  "f7e796ddf3b8595c36d10a8008d787b093ba90050c5f763f4ff6fc256ab4cc08",
  "34dbe667be8253ed89bffec86ca7d1503f83a0cb54730940e44b6df5b478ced5",
  "986d95efe3765d9c7acc5309a69f583b75413a8fc8c07212e07e300d542d9301",
  "c1521ca061f54a69f31158c5e4fa5a406006eaa7ca6cba68a177c6039f4e1824",
  "f2e3b8988f0730d052e5d7665f2f463d9d9bbfa1dcfbd65d8db94a06e4563b77",
  "ddff5ac287c0033d0e2c63434feb0b422370822ccccca80b671dc65c2229c73f",
  "5cef55765e09d3aacce3413f6249cd38062170ab4084436856ff85477f1cc45d",
  "2a7ab9b8e2648c9e838de4e1343c49826f359dad3bd5b5a3b2ddc139b5a7333b",
  "69c99f72234a638acacef2ea5a597b41ffa738a338c99187a12e0c96fbdf1f8e",
  "5823c70ef49ac0df3e91db63ab2364e00db42e65d9762a7c0d08f66db11970d4",
  "ee8e0eb0bd04adfb9f67ad33cd471ef32b364cde148567d075872a7b2ef4b873",
  "77938bf356acf838d5fa15a5e9354dc453951ca77a6d53912a4fc1f5b6b28679",
  "6072de91ed35789c30d2bcc93c66f89aa0ee2cfba7307ee44fbde7dcc40bffff",
  "1430dd19940af2f6e51db56cae2ebdbd60b3ef4d32a97e6504eaf747057700f2",
  "9feda0199efce49cf4b1f680b2f3a2adada726cbe8c656c19bb7d1bd9fa72273",
  "f155e435595c0575fc5486c31f7191cacf118d2422102945a8f5bff27833f356",
  "04cfe8f83d1374b697b9a4e4d8ecd8e64ab0d6891aac6014431f7a8ffd68b3e5",
  "db7a587a02a4c67ca282049ecbc83c53133d1428e7150c5934f750e1d0277789",
  "2ce4f3876ebf35a5907e4482b1e57b6aae2a3ac1e517064a3298a224157530d4",
  "4491815f108da46c0b9838746e732f8c76ca6cc3baf8fafbd4867808bd8cf7db",
  "d495bd08fdda2bdc67d8d0f76d6a418f8e8c7cbe0d6b56f41d6f8503d7585022",
  "5ad1e9c17b779400ce469ba374a5f8ca7980d2ce329899afeca92522b76ed44d",
  "03d1982a0d8017dacece5108f1401beb11682f07133d4578ec92325029d1796f",
  "89fc44881a06e7dbeefc447e304eddf397dc40577185df76e0164602b25b397e",
  "7fe26a860e8901cdc2999ed96b10134aa03545c17bfc1958ce5bc71719be6612",
  "7a68b5a02d96126a15888dc8f13453ee3349279e4200c252abdfbb394bf67cf2",
  "17a1e2606deed9de625cd0c3e86a512ba42af457c2b2642458e7b905cbed2f74",
  "6be1b3d804201ec10e95fef32141b57c756a40358f40844db21394b89e477f89",
  "33c6b010f07f14275ce58481e0d44865d1075b32dd6654b776ffffffeedf6a27",
  "e7ff0c2ef4c0d0a3b56bbea6198141dd9dc0e196c55c981d2b840f95f3961adb",
  "752bebb839882e8581da510f16f862f2f15a906fd14d7c041d065f7ab6698d91",
  "4adbe35fcfaaefd1412e0f0d12fd91f221a71e4f6969916938545bd0d6ef42d1",
  "3671b757f2635fcc10c1200630cd398c6d67049f0c3dad3c5a9a68c4a7e1375a",
  "67e102444b8039ebfb1baa8ce5134a17edbb05e596970f8fb7bd5f86830f0532",
  "2e0accf6bc840232ce36031091f60b6b5ca704bc7a2aebc324ff65b4ba84c9b5",
  "d55a1a675c7857ee57a0fd9d9b04aa4e3736c2711d64296cefab9f7ece88bd9c",
  "fe21f77b1ceefe26ddd47fa0c0b4a86bf12c4c3ee98174376fe067e04edeb432",
  "d43191aedec64b3f005fe5c9712a25ec0836f3b32f8c0882c9f16ab6e61640bb",
  "18e41f56ebed24a9b7797f1d1b87aa32eb69781e679226423ac7dcc482ab96fa",
  "d3ed5cf382d5ea197eeaa80fb75bda53eae47740d914368a4ad22295dd20dba1",
  "d62614d1909400802d1b31e22cdc3cb5b26bdaabef854dd5f270c2627a588677",
  "ecc8837641d9a641318cfd4d30da1479d9e124b03036e5d11cf5c621d3251086",
  "3269a535b29de55cd28286ad7348a7380f677c44c72c6e5a3865e1a1f6853da3",
  "7e567e8c8e74f8e28c3243d7e8145e5e7f6445268b79ba1255c21032f793e321",
  "55ee089e794470bfb66efd95b3b6ec3cd6a435a00271742dbac49a2d5280127e",
  "d6800c53d543b12eda9ca66b1dd0529b58008e214f1350195836e5d62d5d1bd5",
  "3254cb009f19bf4ff734a19a49d4e2aa14493eb55712a7668c4df87c26ce84b9",
  "c766b952b4ba2b1a69d55182255e4c045cb2d961a6fa5baea7065749a2906a57",
  "d049fef081eac2e5fb027f756065d06a566841ca014730a55c80eabb07624936",
  "0acb39716301500c16439c46df1fcb5387762305f0e8fd67f185d606eca4f067",
  "1b7eca92d662ecf107f641356e41a5036dd0b92ce537eced291b37b2c440527a",
  "86ad91b30e69b4635808119a5bdd4487574e3ed22d38f8df453e6db5191087b9",
  "104de46e3d7dcbe4e145003e236f079ec72a6034f9edafc0bc2601cf18cceeeb",
  "5b35391804741e5da3882ab522e9662ba77f5b38d3c3ae05c7c8d9c60bda77a9",
  "267a067705bc66bf3cb7e79c51e5e99a67323d89a168b4b40e98817e3cd153e7",
  "540611868ec68bdea93e277f66fa0f7ba992c87b6163d6d8721a5c57439cc9e5",
  "5416a1dcac55cc6150bd334ab7d20626c5c4f7197de06d4b4ec16e1213895dcc",
  "13314dfe36325ff7bc6bcffca26f7d157e81500bed0db3ab74d359db0abf7569",
  "98cef1ed8a6d0b7c8006de580f1f2cd8e612036644616b936487fe16e36890d3",
  "7ae94373c168b00faf48baffb2d06ecac70de14274bbf2caaf94ce944b33f03b",
  "d11f52baa345b066200c2e7f09cbbfb122f0163ac027f818fee6e59bcbc4a8b3",
  "758a3511f447be7f006b04718a3088ede97fbd827683c305810ff470dd10e510",
  "c47ecab3cea2d072449cefa9ad92943a7ab3e30620a6f94fb07e560fab0d2105",
  "07c873283393a5719cba8415917d466d06ad8e8e14654149ec9169cc24293aa4",
  "4e411b61fd9476894e88990207f10c6a124d746cb34cc5b5f95599e528b50b5b",
  "d702e85b127eac340cb0860d6cff2af84feb404b440a537320c2b225e2cc43e1",
  "9ab5a13af467c3f2ae209efc52ce91055c90fe44492674c9cf32855ad9623c46",
  "a7ee3c2f1878d13418bb59ad12a3bec4e8725e2007367ad0fd23b24c0f18ae07",
  "8ed8c6cfc07db13d62ffb63a06cdba1bb14ef7e5005d70f05011c244ecf3c558",
  "7c19bc264b102ba6de90a39749e1f2e2008acc53cc5c5d0fc699892bb82ace9d"
]
Wed Dec 10 10:37:48 PST 2025: Mining batch of 100 blocks...
[
  "4781555c060fd32d15ceed998a7c78c3e6e0e5fa9977d6f3386c202f546a0920",
  "3e0ac88686812b75e655ef6df28c5cff7cd0a92350b44b9e8dc9fb80fecdff7a",
  "6e5c4ebeb3d9d8d5b8780cd8624d712a0669ffd983e656dce735671063fe5f76",
  "fb242b564ee2e6812ab3eb34c78652573edfddd767832796d7d5792e62b4adcf",
  "42d367806b00541a0915c2a5d0fb0f84e40f16d3be31d1828375e7d1373f631f",
  "85af604665de3b3e834b3a259c312b6c61ac3d87fde3ea7264aae35ba27db148",
  "498828ff74612de59f3afda4e515e175504cd7770cfb15771e96e1798109f300",
  "842019070cb385d9f034417f2254e7d4b1c154fd33426843c1578d128a6d2f5c",
  "fc5366ae72604a8c3fda35fc51a22a4f8b3c517671052081acbb0aca62132635",
  "32ff9435fac6e9e5f06092414ed0c5261c971623b68c7362df492c1b34e9585a",
  "42fcbc9c0b8474bd0205ccac9547becac7307b78f452c2d762e32b704084f1eb",
  "2b98a533c49f0ac288da73c09a67d1bdad7c394dd947d8d0b1ab4b616890757a",
  "482844bfb94ea2b6cfd49322fd1b7c51f357b5dcca9ec5f3b52c63d5ab46721c",
  "b1a4d187e4ae42ececcc40f0639a621ca6c88cba4d83f29d4320e89a5e2e3135",
  "930965338eb525ae748dbdfdc6d628d9b21c4a77b8a90ca3cb00cb27bb7f2447",
  "27ad0e28bf7dbdd5ca77bd508ea7d7bb4e0dde6967612db6e37393eec839d24e",
  "e64ee1deef956a2e71ce177c1486025786f4516032cc0e3d404dcf1cfa80d2c1",
  "55ec56647bd2b4a80ec983f1c3acb3d017a06f7de9e1af8b11f9f1413ff2f813",
  "3561d93cc847b97b3b61501343ca6eabc59414d6f1f59840fe9506056faf466b",
  "bbf7d65764772a9e97b49f59367d5e8185060656d24fc905dd459ff60c786339",
  "071a2c3ce24d71f6afee85c2884f706a1d88dc250b93dc9273c04d44a67c36bd",
  "8f7d6dc535cc9260bf22113345d3c058aeb455cc7a9fc399c888473a142b25e6",
  "ecbaf16f6465fdcb88b1ee19c2e26eef392e3f866048ef42aa01bc4eea5977fa",
  "4dbba509ea36985304f1f60e9c715a956a476ac04dd641bfc006dd0fd441799e",
  "2a6a3d4174b0ee3f34309f4b53f0855cc755e1ee0545e914aec5b57111766fb2",
  "56f73845631184965303793f32431675871566185cb0b825addbc57c45929345",
  "bbfa694b0ac129872a46086a87fdf45ee902875397c38e55dc111f8d5ea138a7",
  "81745b0f4eb8dcfbadcd04e161144e4c64add4c71c30498d3bad72bad2d53492",
  "56ee207987f5f665362f97a9ffd57d90ebf112fe838d80fd6ef3561bbf8e6c38",
  "46969c5da8344ffafdd589d17aa2adf3c1cfb5a0b8a47d32623c058fd26ee103",
  "874b48528d6d5b57600a748ba36f1e38a69e7461fff3558dcbd19dd6364f1c51",
  "1324b0c093098d50970fa2d1ebd7c4f21f70ed3cb831224138efbd8576fdfd31",
  "83eb15a0b0837c8ab0930a93a08621a1f3258efa5e20bbd6961623de88514554",
  "e82f554daaf4c842d1ee63941b4c9b4db8901b34dae22f3363063a6351de41bc",
  "5634e39bd5cea5afdb583a620e910e7d71a9f3fb2b1ee3f15946d815fc71e976",
  "f50d4e6e6a7a92b3a351c9b4468de6acce6c9db3c20599a900447cb39e1dab9d",
  "795aea753b8fe263d3abaeda5ff396f394f29e73d1a1eb4458af26abff750a63",
  "3dc2742429ef55b7596227be9f5f4f65b52a2882c73b61cd2d34f587e93c9c1f",
  "ad24ac5a3b283632a63dde368eda78fd20accc2b68c25006a85401f76cf402a2",
  "0d56ec0b0594818c369a59dc717461be09b7b211e4c101180efe43a353103f49",
  "628c3ea3bfeeb6448c4096c586d86ea05340a2d6b0b5bcb4832cda244f495053",
  "24ec2e42669c6e5c34247f97cde8353c799ce025347a3de2da68912d3e04042a",
  "cfa7ae581fbca42a38d61fcc9f70a73b8e82fc26c54e7db5c1c0fbdb4da0338a",
  "96a50a76823182fcbb3a52eb2cf7b21d5a3b60d05f349e128b9e3cb1998592c0",
  "55f0d477b1273b3da05784d8d661ddeaa56d94af5cba41f62128cfc219ffea65",
  "e870fdd71713060575fc242ac8db2eb19b57a7498ae998371d49afcfde4aaf8d",
  "fb148b791468586b9c41818a1dc302f7ce956b938b2d21279a7f789e8f805575",
  "682b3ce150e071c1bf96a5d7d162d92a4ca0f195846f2f9331824fccdf514058",
  "42b7c9a002bf072f956cf0f3ec84f12b2cb9aaa7f3d187c96ac778aa98749e60",
  "10a29b3479380c055ee416fd1cf832b9373aee6c50387be72b365e4881828ca9",
  "6aa0cefd8e72f6b7ffe695130b1c6cbba3eedce77a34a71a9d7f8020c8ebcdef",
  "c690de6dabc134d0788fe6df146414bcc9bce71d5c0b61849bed80057d667ef1",
  "c6a226c3ee321859bed1765f9b4f74417455ff7d4114495b1faf5ed08e929442",
  "9b18ed023637a0a95f8d1dfcf35cba3adadb0c3515d7b7a13d9a541d9341a588",
  "d175d7c4a39e1536ef239e67cd0602c41adfd3b447de5930de9f852050e87335",
  "8fc9a0d99b79705bbc85b7bf1833bc0000c86f3d6d9cd5a1240b9c77d59df860",
  "01d5318cb85e7596a69522aa5a28d246cda23faea750d6b818a3cc71b77433e8",
  "0762d69380031c66c9e654ce4d8f173f9abc383d1735a57869a52bece7f5a565",
  "077fb68112adb61ad1639f36c9703bc5ece75cc30056659f52b5fbea4435b911",
  "33a61369721b20ff9a51d09ba0d873b753d8347f413e67b1f31d5e410f6ea1f5",
  "9d4ee77131719623e071c53e43133c43ef4590f7f73b523f0107c0dfdc0f573f",
  "f7de48d9026fe01e2fca47eaca0fb43239f99eb5b9eb5e273c033e2eecc9e8fb",
  "640bf257a7de12e240ce5e2a17ae0d57e8c35524ec3fd96d9eb760835d83f66e",
  "c079e08e388cf24cf1699a0abd513752b5c607c8eb4e705aa8a0da2c3a68a9bb",
  "6ef6f9bca3fbf62c3c635c4bd41a29c6344c385a63eb7faec1cff0e422d27393",
  "92f726e4f4a5ecc5d306d26da65466b07c311e1d0d0d7762a12c86cc1b9431c6",
  "02f46da13dee8db095fb2f6af2c762402fdd9cfed8034d62b4f6ad30c31919e8",
  "f6484af6afadcf6fd46cf0a823b80a0e98cd732bd325cef703f8e05a08d2e426",
  "65b6ca1545e98ef31720e62602874faa24b4adc00866efdc161f85a57e93828d",
  "e13666883cc6b2e7fb848bc824f4f243f0db0078c0fedc1f54dca562a4b73252",
  "8baddce246c256c2f35d6d035535b7aa234cf82c6b11604d52e8a87169da1b94",
  "08205b0d6c0eb774d82c769251a687a27573c7d6dd53b777bd7821c3da0ab43b",
  "345cb9956f28c9d42a30f3fbaaefc6cf58cdfbd2617aa3428857c58d0c06561f",
  "750177335466a1de36dda26c0567e72cfb82d0a43444e489acecf0f78ed3eb17",
  "143294a9978cfb40ab13ec19844087c2e398fae73db481679cf907cc7c28fe70",
  "448c00393d405afe23aa4ed6255c7b10389df03939d3941e4901c5fbd4f4006b",
  "70e3d0d6ca0987fa3c6e4c0f10795189cae6c794f7a323f4cc61ab2ce1753162",
  "6ea01a3959a88c987df401f59a267080df8930d11d0a050d9c2018024fd8adc3",
  "e53a16f85d74816809e522578443b6eca5f09d5b59bd075397bce9f513d897f3",
  "f4b2a5ea236fb61e006e4818e24b5ded5d55dc0876d2388904ab6d927577e539",
  "4825f5d21af114c6e68e118f7bc09e5ca28bc588171439041f8790e347eccc80",
  "9c271fbc9c7752d5583b990e8c2a5727968c97b3f76b56d7741b6f85cee0e85d",
  "47a8b6a73c30ec49255e0597a60e0f05473ad5c205bde8b370b3a376df90202f",
  "9105bfd343a214ea525b0fab35ee98cc5ade7784c819b67bf97b423f9cdc9eeb",
  "99537d69ac57db0f66d070e3e8431cb5a2016d7e5ad3d0f08714b450be0f7516",
  "0a4185c0231d4ca45fabc39b703abaa1ac115a700947aad520a18244a15e3f55",
  "54f135843bda1720793b8aed6f2d7820df5350af275f0140cb7343c9c9b94125",
  "367180f0b067d762f1a6c5e57440c9d8bb74f02726e288a4bf014f3bccea3862",
  "541703a7887d289dec27553ad11cf2675f39e5581bc7c6ce4151376eebe0bbc5",
  "2a98152db246aead7297436613fee017a42fa6d7a864a254c555be99d1edd91d",
  "a0682327d5edcac59491802a0d7316a64f3af535b0a74fe531b828a964b39f8f",
  "2b70a3ec19a33c32ec4913eebc06c523fbb5a06a37d1b173ff7be569a2bc7760",
  "6aa2d00240fd2ab5b44f80b6f1a1f2792f988af20eb143cb19ef3040af007818",
  "9a268e939a86c58be8a4cc8541113cc755758c4636161ecd66f7db6b0882e468",
  "59028377a43b076b2bd580569c820d4dc7cd36d0b577330d88ee20b27cf9b9fd",
  "ca4d3bb4fcd49b5ff8b7345095befc3216d832140484e40fc5c635a438311ac9",
  "a180a47ba59df9ffdcd4701d482720f71fad8e99922bcfbf02786c25fb53107d",
  "5b181b529fbdded11723aedf5d9f5c4a6ecb46934438db36d79332e02878a536",
  "c5d92cdb461f808fbdcb4fe25769a6c8751a6cc27116d80e83d7a70bb2bbda2c",
  "84e35019a37bd96b5650b0c048d52cae8d22538491cba5bfb58f07618366f5ec"
]
Wed Dec 10 10:38:12 PST 2025: Mining batch of 100 blocks...
[
  "f3af00012885e894f84d67f4ca0c4c6b6406d6795853361e696cf6f45da7ba5d",
  "1cf446da7b68a8fc25d486941f4a2a3ef5fbe1e853e3c31c340a317b69afed46",
  "6259599bbcdcebfda665a185e46eb466a0de2ea06b5a1a950513dccb9d2503f8",
  "43dd7a52bd46c035e4509a63a0c65d1eac452526c04a7282dbbdc26ae52343db",
  "a672c0113bdc1898f5185ce7c899c0ca2fc9de5a3e53ff1c37279e7d9599fd64",
  "cd2da554de143054a1f81feea73416be69340a7a33a8c057b8c138daa340afa0",
  "2e81ddbeb26d5c5f8c040e4ab8f2f312128ea6d07286b88e7747b360f0d3083c",
  "3145569e2c63ac663b4ee0912670ac481fe99fb3621fa2e32d1469fe63d6677a",
  "15c1c92d4271a8f9ac3457f423167d46ec256f3ed8d418138faeebf4e3f0b03d",
  "e2e381dc1abe5c22ab5feebf2df4eb87b0acd51e2f839a253ba90c380e576db9",
  "634b2c0dcbacac0a49f136bb3729a9bc1c842fe6d5644585ad762bf1154b1c05",
  "7cbd1201cc3b608620c90cc21eaaed2c7d775e4f5b3de17d76a5d41a30cbedd1",
  "8861ba53fb8ccd949df330f5a7f6fa5b060e12b5c93083a1e18ca8fb8b842488",
  "768dc96d52bba43c0378928cf5b77826c660dfa42d4f6828af683ae52ad89eab",
  "c816a63ecefe651465dfffd110d143fe8b5853f8c928c4ea9611273b43d54694",
  "b066676d7fd3d9c08a06dc6b7ded02617cc9f60bd36c7add35b7b1f608ac1dd4",
  "0fdc3449c3d693f0c24066a954619ed3e67e22fbd47ed83428a145c3b8216aa7",
  "ee00bcd783d7b74446f530428ef1af21cfb745a1307dce37e2336aa4796ddfd5",
  "8cdd73dc846b53387e12f7630c5bf06c3629748c342585422563dd8096343ac0",
  "6e8ff763d2619b69b288abb2c37fd5559904e65f1053321e49ca7cd6d2936f34",
  "2c0aa50b4872e1459cc3d906f9c3246de8e9e6fbfa7cc27a9cf6467564c101e2",
  "ea37693a1800fb58fa21e9745dd4ebd86ba04d0e409014b1e13eca12ae7091eb",
  "4a3ae7a059cc2c861cfc0f26625a62934d27d29b5eab6bddb157d09da4e1e215",
  "763ae7353870052b6cf3735ad14e775600a317f7c9728d3bd10f8c43c0b340e4",
  "94b7332c6f28dfe174cdf919bb94adf094f3443e13832e6648fa15a42d7fc124",
  "5a1d01b58fa1d41400be11f2bc29d7a8b504498eea897efb9682bae20443fadd",
  "e69b02753cb0865b9c5361e29ebb63ece570fd98077fd3e03640fd69d25c6aa1",
  "673a814e175200c6b521afa4eccf6f863e60b1066fb3bef7be072a199d9d44d4",
  "dc9443eb7214d30b1f2b5d8873d6b30fb2181956875b8d0b4d0e9a5ed48b9a2b",
  "651f460f78675b63125eb0ec36fe95196d058645c06eef5fd13cac5fe3db24ba",
  "fa095e24d0d6319d2a1bcf84dd38b006dcdfa9473d81c1b12c783718a18e3efd",
  "3d83ee473841b237d1c42aaef64d443b97e0c9498ce11db5512c4061a6f75036",
  "2a7e4529ceb051a2411b22b980a30fad88fa08c9ab236d73f63490960262789d",
  "0b7c2f4fe6e927ce646159af8e4307ab24811a8db5023c396e1c301096deadfb",
  "66b630b4207da6922a7e1b329da606c051c5524e4334a92519cb4700ddce8f7e",
  "c24159faced38327f7ba3e9c4971be9d17eb8cf485b38ee5d3cb996ffb431f71",
  "9a06faf3f7881dd0cf79c86693a1cea794f0511e9682e59c9f01ecbe4cf8452f",
  "24894e39d2d985d18408aa5934e1c97cbc54033e233b19412e07e223bfb4b916",
  "5cb6c4eab1578d9f822aa46e8bb5e11f52f3c0bdb408faec47a400cac420b6d8",
  "0483ce33d23021c13f9fd882fea56565ad7aee79e53cf3b402a98f4a9a793cdf",
  "e034ccc8df4f03410c176fbb503eda46d691bd149c02d529fe02d3dae2e759f3",
  "818e1fb4851c384e1f761a6535b76c245a87425b26afa1f6565a2f50c2ea1afd",
  "9b581d51bdf64604c68b7ab24f2498e19501cb6574df997b718fc3ea309d813b",
  "b997e6783c09f2c7e0aa4b0d70353aad6f535bd0f065406d671b33ea574fc068",
  "84e30cd4845265a8ffa2a98b74d7f5b21480b10289c29ee20a811f79a4f57a7c",
  "cc013d6c5b542654c399ca13fb702e889f54da62a7883135d5a724b765f00768",
  "676352cee841c2259c23e7190ad3ceae03efd1d38811a130ca169b900640c478",
  "bcb08b1b4eed7ce1a6c6daeb0f2ade015b62ba7064b60b87a090a72db973c68d",
  "4e465c546a450b36264d05af5f7d71f0e95bee3effe49965327716d79529866a",
  "3e0fa0b3605c0cf714c1462b03c8a21cdb93a27485c7d2bb37c8f47ab2a95ba5",
  "8ed6ae8302a7627a0cfea4031c2b6a9d0719fe1483b2bb83e225af81623c5c91",
  "58ee1c30c17c7e3da4e766f0f81c8e906f16343e895e3727ccd7571fedf64d92",
  "27700311fb572651e75b3489d3d0d722a0b7fa4a9b36a627476c45611cd7139c",
  "fcc9f3f79531f90296fc66463ac7c31acb72aa5e325881114ee719e6c0268d95",
  "ee5821e41d1b26c17cb07b5a92e6460e4f4741ac5ffd59a61c5b1ba0e2e1fde3",
  "18924e03f9c6c586c134628c0e6470d994d6c54d09d3744c1ecdcf50352e71b7",
  "a52a1592b478351028ded37ea48117335ddc478d0a24178cb5186c7f1fc0d4d8",
  "e7a2a5e6a2c0feeda2f5b048fd29b2766df0e9196525eb53e7ae48533a82334b",
  "5f0bf0aab62da517ffc32bc17c689855166ad02d5401ecbf2e84a9a7f601e72c",
  "99cc4787d7eb9997c220da15b94c643cf706f69905f1ea39d62141ebd9405c3e",
  "29ce64ca059a36cf8679dd56a4a6c1f440463487db6217d1202bffbb26ece10b",
  "79c0bf3c40c5b829088ece13f9e86c943c9cc8db6e6270afd0dde24cc4ec3f2d",
  "9ad05b516e4d4f9bb9fc08614d6a96df6f40924034846ec37ccef235750a2aa5",
  "5116df4f9b2ea05bd62550882933d3dbee3344f5d079d0b36e0fbeff2dce9673",
  "7584f972e3bb6d52e6dd829cff6097e470dfcef1921dbd1ca91061d2d4c3bf45",
  "04cd2eae10d062b708d4ed1a58120d3147661dc788979a758138238a3386e52b",
  "6f34cb5f094723ebbb24063b30fc3439cfc3a87a33355699b9382fa49c34805e",
  "3a5ff6d90cd0a9be317f4a402c76de0b7b8fa0e4d78ff2c4e6305ad66519a9a5",
  "0b996c0fa6a6bdd3a7c122f9f2f54b6f3894febe0f2f64a1f839edf459016424",
  "037bb32e7973f79f2b93ac72ee4216189a3c603081c584cc80601306ec992c51",
  "1c4afa541f7d1a7067ccb37deaeab36d953fd2acbfea159647e952f2d755b86c",
  "368e8efb583709b3a46831328e1b5ce14c253c63702536f8b2a2f2633f729321",
  "178612a33d3d7602e2ffaa38351988406caae84dd70ac688e403c0325af4f4eb",
  "db8c4015f5dbb2fb68c0a44ab3aa7946a4eea4b595a3150c85c062d62be2ce1a",
  "d304ab2770737b0008e7edd23c9a778772205bda6ccafe7a300caebfbbea1430",
  "af14597cba79cc614308de3bdcbf3a56975883e095579389def35874276f043b",
  "649e4ab4907bf9505dc19dc9b61f638e882b212a1ce192fb12cd8026023a6369",
  "90d5459353fcd1d9317039692b09d27b51fdf283b7d3df7f865aeb7de2961d06",
  "b4a3f5d9aaa6dd7de423e26a6075c54c22faba7a5998d84680e0d3244c5ebe97",
  "bcf059f691ea0b68a342fbeaa6ba1a93c04d8bbb3976b0be118aeb2c576efd85",
  "85b15d33f2aabbc9eb264bbd6a0187e9541f45a84b324784cff860612a9cd4e3",
  "b62c3f88062ede05845ee2f97b3fe048a39d167f3cef8dff5bdaa7614acaed0c",
  "842f6f43ed92a8955761ef86966df9f1834524da30b49fa249e0f7ebd1e1a070",
  "0432c00635e151965d84048a21bb54b803cb1d1c811aaecc0743ea1f374f5b26",
  "44168ae4b6e42c30edd2f2878df1413626c2278c6e6b8384d4e9507ff0836fa0",
  "9d48ed65631a6722dfe64d30444b64d53d5ddc08b499f38f383618105d91986a",
  "e18390e9f4db405a19198bea051b347550f7eca158a4c62d65d5e03bc0f15543",
  "347f13c8236e6da57985e4e5e08ad2c2bce7252b6547a4ff0deea3a240e614bd",
  "701d9209a9310cfa330dd86b591dbebcd93e6484a56ae6eae6c2a2aa85b9496f",
  "31ea5a3ddc45682d8931d9c8d56f7adae6f047ed0f2ceba134ce99898bb16411",
  "c49c3f507906f4d8fc4301f20970c7f4e5d6ee2263238a6dc733123d563897b7",
  "fbf35a6e91522a4d7e2146a54c6557f88be326cb15a85ea301356cf11491a631",
  "78f6f0948acfb26da42b9be383407574b27b1423fb82b0ff12dad787306afa18",
  "a33ff9d0a1dceaeb82a33973b8044bbc7fc0e499dd899e81fb2c49911d6a1ca2",
  "f69fdee2dcedb16de89e0f14e4ea5a551cc3beed21b1d84bab40b739a62dd0ad",
  "3ebdd5b68b6b9b65fe2f874043aca9bcd365d19f5a98bd6cccaddbf5f037327e",
  "4bc2f7aa7d2bd54184d958e9091bbb692f61e81f673e69fd40383a4ed45ce40b",
  "33c8dbd5f88cf8e19eb3d5e73fd4c7756d9c7d64b9a7b59681fa35c35cf91afe",
  "275459ecdcccfa02317682859d934df9a0d280272ce994ea67aa05d61f453601",
  "4946b6447dd4604703ddb41cc360e1f668aaedc945ecd43b6025c084e94501d7"
]
Wed Dec 10 10:38:27 PST 2025: Mining batch of 100 blocks...
